[2022-10-27 21:39:52] [DEBUG   ] discord.client: on_ready has successfully been registered as an event
[2022-10-27 21:41:33] [DEBUG   ] discord.client: on_ready has successfully been registered as an event
[2022-10-27 21:46:51] [DEBUG   ] discord.client: on_ready has successfully been registered as an event
[2022-10-27 21:47:41] [DEBUG   ] discord.client: on_ready has successfully been registered as an event
[2022-10-27 21:47:41] [INFO    ] discord.client: logging in using static token
[2022-10-27 21:47:41] [DEBUG   ] discord.gateway: Created websocket connected to wss://gateway.discord.gg/
[2022-10-27 21:47:41] [DEBUG   ] discord.gateway: For Shard ID None: WebSocket Event: {'t': None, 's': None, 'op': 10, 'd': {'heartbeat_interval': 41250, '_trace': ['["gateway-prd-us-east1-c-v0tt",{"micros":0.0}]']}}
[2022-10-27 21:47:41] [DEBUG   ] discord.gateway: Shard ID None has sent the IDENTIFY payload.
[2022-10-27 21:47:41] [DEBUG   ] discord.gateway: For Shard ID None: WebSocket Event: {'t': None, 's': None, 'op': 11, 'd': None}
[2022-10-27 21:47:41] [DEBUG   ] discord.gateway: Received WSMessage(type=<WSMsgType.CLOSE: 8>, data=4014, extra='Disallowed intent(s).')
[2022-10-27 21:47:41] [DEBUG   ] discord.gateway: Websocket closed with 4014, cannot reconnect.
[2022-10-27 21:47:41] [DEBUG   ] discord.client: Dispatching event disconnect
[2022-10-27 21:52:35] [DEBUG   ] discord.client: on_ready has successfully been registered as an event
[2022-10-27 21:52:35] [INFO    ] discord.client: logging in using static token
[2022-10-27 21:52:36] [DEBUG   ] discord.gateway: Created websocket connected to wss://gateway.discord.gg/
[2022-10-27 21:52:36] [DEBUG   ] discord.gateway: For Shard ID None: WebSocket Event: {'t': None, 's': None, 'op': 10, 'd': {'heartbeat_interval': 41250, '_trace': ['["gateway-prd-us-east1-b-sgsx",{"micros":0.0}]']}}
[2022-10-27 21:52:36] [DEBUG   ] discord.gateway: Shard ID None has sent the IDENTIFY payload.
[2022-10-27 21:52:36] [DEBUG   ] discord.gateway: For Shard ID None: WebSocket Event: {'t': None, 's': None, 'op': 11, 'd': None}
[2022-10-27 21:52:36] [DEBUG   ] discord.gateway: Received WSMessage(type=<WSMsgType.CLOSE: 8>, data=4014, extra='Disallowed intent(s).')
[2022-10-27 21:52:36] [DEBUG   ] discord.gateway: Websocket closed with 4014, cannot reconnect.
[2022-10-27 21:52:36] [DEBUG   ] discord.client: Dispatching event disconnect
[2022-10-27 21:53:34] [DEBUG   ] discord.client: on_ready has successfully been registered as an event
[2022-10-27 21:53:34] [INFO    ] discord.client: logging in using static token
[2022-10-27 21:53:34] [DEBUG   ] discord.gateway: Created websocket connected to wss://gateway.discord.gg/
[2022-10-27 21:53:34] [DEBUG   ] discord.gateway: For Shard ID None: WebSocket Event: {'t': None, 's': None, 'op': 10, 'd': {'heartbeat_interval': 41250, '_trace': ['["gateway-prd-us-east1-b-nc84",{"micros":0.0}]']}}
[2022-10-27 21:53:34] [DEBUG   ] discord.gateway: Shard ID None has sent the IDENTIFY payload.
[2022-10-27 21:53:34] [DEBUG   ] discord.gateway: For Shard ID None: WebSocket Event: {'t': None, 's': None, 'op': 11, 'd': None}
[2022-10-27 21:53:34] [DEBUG   ] discord.gateway: For Shard ID None: WebSocket Event: {'t': 'READY', 's': 1, 'op': 0, 'd': {'v': 10, 'user_settings': {}, 'user': {'verified': True, 'username': 'Unicron', 'mfa_enabled': False, 'id': '1035362429758083072', 'flags': 0, 'email': None, 'discriminator': '8406', 'bot': True, 'avatar': '3a4423cca25b55b4c6e2ae84e06801e3'}, 'session_type': 'normal', 'session_id': 'c87030b1cb33327aacd403f5b68c0873', 'resume_gateway_url': 'wss://gateway-us-east1-b.discord.gg', 'relationships': [], 'private_channels': [], 'presences': [], 'guilds': [{'unavailable': True, 'id': '649021537285832745'}], 'guild_join_requests': [], 'geo_ordered_rtc_regions': ['newark', 'us-east', 'us-central', 'atlanta', 'us-south'], 'application': {'id': '1035362429758083072', 'flags': 565248}, '_trace': ['["gateway-prd-us-east1-b-nc84",{"micros":69685,"calls":["id_created",{"micros":871,"calls":[]},"session_lookup_time",{"micros":360,"calls":[]},"session_lookup_finished",{"micros":12,"calls":[]},"discord-sessions-green-prd-2-115",{"micros":68070,"calls":["start_session",{"micros":45750,"calls":["discord-api-68b896f74-79h4c",{"micros":39198,"calls":["get_user",{"micros":9404},"get_guilds",{"micros":3104},"send_scheduled_deletion_message",{"micros":12},"guild_join_requests",{"micros":544},"authorized_ip_coro",{"micros":10}]}]},"starting_guild_connect",{"micros":50,"calls":[]},"presence_started",{"micros":360,"calls":[]},"guilds_started",{"micros":91,"calls":[]},"guilds_connect",{"micros":1,"calls":[]},"presence_connect",{"micros":21764,"calls":[]},"connect_finished",{"micros":21770,"calls":[]},"build_ready",{"micros":23,"calls":[]},"optimize_ready",{"micros":0,"calls":[]},"split_ready",{"micros":1,"calls":[]},"clean_ready",{"micros":23,"calls":[]}]}]}]']}}
[2022-10-27 21:53:34] [DEBUG   ] discord.client: Dispatching event socket_event_type
[2022-10-27 21:53:34] [INFO    ] discord.gateway: Shard ID None has connected to Gateway (Session ID: c87030b1cb33327aacd403f5b68c0873).
[2022-10-27 21:53:34] [DEBUG   ] discord.client: Dispatching event connect
[2022-10-27 21:53:34] [DEBUG   ] discord.gateway: For Shard ID None: WebSocket Event: {'t': 'GUILD_CREATE', 's': 2, 'op': 0, 'd': {'guild_hashes': {'version': 1, 'roles': {'omitted': False, 'hash': 'XPjlYg'}, 'metadata': {'omitted': False, 'hash': 'BTiy8Q'}, 'channels': {'omitted': False, 'hash': '6Ck93w'}}, 'features': [], 'mfa_level': 0, 'presences': [], 'premium_progress_bar_enabled': False, 'preferred_locale': 'en-US', 'stage_instances': [], 'discovery_splash': None, 'premium_tier': 0, 'premium_subscription_count': 0, 'system_channel_flags': 0, 'splash': None, 'afk_timeout': 300, 'application_command_counts': {}, 'nsfw': False, 'vanity_url_code': None, 'afk_channel_id': None, 'nsfw_level': 0, 'icon': None, 'id': '649021537285832745', 'max_video_channel_users': 25, 'channels': [{'version': 0, 'type': 4, 'position': 0, 'permission_overwrites': [], 'name': 'Text Channels', 'id': '649021537285832746', 'flags': 0}, {'version': 0, 'type': 4, 'position': 0, 'permission_overwrites': [], 'name': 'Voice Channels', 'id': '649021537285832747', 'flags': 0}, {'version': 0, 'type': 0, 'topic': None, 'rate_limit_per_user': 0, 'position': 0, 'permission_overwrites': [], 'parent_id': '649021537285832746', 'name': 'general', 'last_message_id': '1035365071188131840', 'id': '649021537285832748', 'flags': 0}, {'version': 0, 'user_limit': 0, 'type': 2, 'rtc_region': None, 'rate_limit_per_user': 0, 'position': 0, 'permission_overwrites': [], 'parent_id': '649021537285832747', 'name': 'General', 'last_message_id': None, 'id': '649021537290027008', 'flags': 0, 'bitrate': 64000}, {'version': 0, 'type': 4, 'position': 1, 'permission_overwrites': [], 'name': 'Pizza', 'id': '1017219314727796816', 'flags': 0}, {'version': 0, 'type': 0, 'topic': None, 'rate_limit_per_user': 0, 'position': 1, 'permission_overwrites': [], 'parent_id': '1017219314727796816', 'name': 'testr', 'last_message_id': None, 'id': '1017219456168103986', 'flags': 0}], 'banner': None, 'lazy': True, 'guild_scheduled_events': [], 'joined_at': '2022-10-28T01:31:09.053149+00:00', 'application_id': None, 'threads': [], 'system_channel_id': '649021537285832748', 'default_message_notifications': 0, 'description': None, 'owner_id': '348904133463375883', 'emojis': [{'version': 0, 'roles': [], 'require_colons': True, 'name': 'emoji_1', 'managed': False, 'id': '649084558184284171', 'available': True, 'animated': False}], 'rules_channel_id': None, 'large': False, 'embedded_activities': [], 'public_updates_channel_id': None, 'member_count': 3, 'max_members': 250000, 'hub_type': None, 'members': [{'user': {'username': 'Unicron', 'public_flags': 0, 'id': '1035362429758083072', 'discriminator': '8406', 'bot': True, 'avatar': '3a4423cca25b55b4c6e2ae84e06801e3'}, 'roles': ['1035365070428983320'], 'premium_since': None, 'pending': False, 'nick': None, 'mute': False, 'joined_at': '2022-10-28T01:31:09.053149+00:00', 'flags': 0, 'deaf': False, 'communication_disabled_until': None, 'avatar': None}], 'max_stage_video_channel_users': 0, 'roles': [{'version': 0, 'unicode_emoji': None, 'tags': {}, 'position': 0, 'permissions': '1071698665025', 'name': '@everyone', 'mentionable': False, 'managed': False, 'id': '649021537285832745', 'icon': None, 'hoist': False, 'flags': 0, 'color': 0}, {'version': 1666616870340, 'unicode_emoji': None, 'tags': {'bot_id': '1033935029354647612'}, 'position': 1, 'permissions': '4398046511095', 'name': 'Test_bot', 'mentionable': False, 'managed': True, 'id': '1033936704924561442', 'icon': None, 'hoist': False, 'flags': 0, 'color': 0}, {'version': 1666921948328, 'unicode_emoji': None, 'tags': {'bot_id': '1035362429758083072'}, 'position': 1, 'permissions': '2419584080', 'name': 'Unicron', 'mentionable': False, 'managed': True, 'id': '1035365070428983320', 'icon': None, 'hoist': False, 'flags': 0, 'color': 0}], 'voice_states': [], 'name': 'test', 'verification_level': 0, 'region': 'deprecated', 'stickers': [], 'explicit_content_filter': 0, 'unavailable': False}}
[2022-10-27 21:53:34] [DEBUG   ] discord.client: Dispatching event socket_event_type
[2022-10-27 21:53:34] [DEBUG   ] discord.client: Dispatching event guild_available
[2022-10-27 21:53:36] [DEBUG   ] discord.client: Dispatching event ready
[2022-10-27 21:53:54] [DEBUG   ] discord.gateway: For Shard ID None: WebSocket Event: {'t': 'TYPING_START', 's': 3, 'op': 0, 'd': {'user_id': '348904133463375883', 'timestamp': 1666922033, 'member': {'user': {'username': 'Proton', 'public_flags': 0, 'id': '348904133463375883', 'discriminator': '1407', 'bot': False, 'avatar': '092a22e7314187dad60c5b1136b107ef'}, 'roles': [], 'premium_since': None, 'pending': False, 'nick': None, 'mute': False, 'joined_at': '2019-11-26T22:59:52.790000+00:00', 'flags': 0, 'deaf': False, 'communication_disabled_until': None, 'avatar': None}, 'channel_id': '649021537285832748', 'guild_id': '649021537285832745'}}
[2022-10-27 21:53:54] [DEBUG   ] discord.client: Dispatching event socket_event_type
[2022-10-27 21:53:54] [DEBUG   ] discord.client: Dispatching event typing
[2022-10-27 21:53:54] [DEBUG   ] discord.client: Dispatching event raw_typing
[2022-10-27 21:54:02] [DEBUG   ] discord.gateway: For Shard ID None: WebSocket Event: {'t': 'TYPING_START', 's': 4, 'op': 0, 'd': {'user_id': '348904133463375883', 'timestamp': 1666922042, 'member': {'user': {'username': 'Proton', 'public_flags': 0, 'id': '348904133463375883', 'discriminator': '1407', 'bot': False, 'avatar': '092a22e7314187dad60c5b1136b107ef'}, 'roles': [], 'premium_since': None, 'pending': False, 'nick': None, 'mute': False, 'joined_at': '2019-11-26T22:59:52.790000+00:00', 'flags': 0, 'deaf': False, 'communication_disabled_until': None, 'avatar': None}, 'channel_id': '649021537285832748', 'guild_id': '649021537285832745'}}
[2022-10-27 21:54:02] [DEBUG   ] discord.client: Dispatching event socket_event_type
[2022-10-27 21:54:02] [DEBUG   ] discord.client: Dispatching event typing
[2022-10-27 21:54:02] [DEBUG   ] discord.client: Dispatching event raw_typing
[2022-10-27 21:54:04] [DEBUG   ] discord.gateway: For Shard ID None: WebSocket Event: {'t': 'MESSAGE_CREATE', 's': 5, 'op': 0, 'd': {'type': 0, 'tts': False, 'timestamp': '2022-10-28T01:54:04.236000+00:00', 'referenced_message': None, 'pinned': False, 'nonce': '1035370839005986816', 'mentions': [], 'mention_roles': [], 'mention_everyone': False, 'member': {'roles': [], 'premium_since': None, 'pending': False, 'nick': None, 'mute': False, 'joined_at': '2019-11-26T22:59:52.790000+00:00', 'flags': 0, 'deaf': False, 'communication_disabled_until': None, 'avatar': None}, 'id': '1035370838825914369', 'flags': 0, 'embeds': [], 'edited_timestamp': None, 'content': '!prefix_change "', 'components': [], 'channel_id': '649021537285832748', 'author': {'username': 'Proton', 'public_flags': 0, 'id': '348904133463375883', 'discriminator': '1407', 'avatar_decoration': None, 'avatar': '092a22e7314187dad60c5b1136b107ef'}, 'attachments': [], 'guild_id': '649021537285832745'}}
[2022-10-27 21:54:04] [DEBUG   ] discord.client: Dispatching event socket_event_type
[2022-10-27 21:54:04] [DEBUG   ] discord.client: Dispatching event message
[2022-10-27 21:54:15] [DEBUG   ] discord.gateway: Keeping shard ID None websocket alive with sequence 5.
[2022-10-27 21:54:15] [DEBUG   ] discord.gateway: For Shard ID None: WebSocket Event: {'t': None, 's': None, 'op': 11, 'd': None}
[2022-10-27 21:54:56] [DEBUG   ] discord.client: on_ready has successfully been registered as an event
[2022-10-27 21:54:56] [INFO    ] discord.client: logging in using static token
[2022-10-27 21:54:57] [DEBUG   ] discord.gateway: Created websocket connected to wss://gateway.discord.gg/
[2022-10-27 21:54:57] [DEBUG   ] discord.gateway: For Shard ID None: WebSocket Event: {'t': None, 's': None, 'op': 10, 'd': {'heartbeat_interval': 41250, '_trace': ['["gateway-prd-us-east1-b-59fp",{"micros":0.0}]']}}
[2022-10-27 21:54:57] [DEBUG   ] discord.gateway: Shard ID None has sent the IDENTIFY payload.
[2022-10-27 21:54:57] [DEBUG   ] discord.gateway: For Shard ID None: WebSocket Event: {'t': None, 's': None, 'op': 11, 'd': None}
[2022-10-27 21:54:57] [DEBUG   ] discord.gateway: For Shard ID None: WebSocket Event: {'t': 'READY', 's': 1, 'op': 0, 'd': {'v': 10, 'user_settings': {}, 'user': {'verified': True, 'username': 'Unicron', 'mfa_enabled': False, 'id': '1035362429758083072', 'flags': 0, 'email': None, 'discriminator': '8406', 'bot': True, 'avatar': '3a4423cca25b55b4c6e2ae84e06801e3'}, 'session_type': 'normal', 'session_id': '089092b73985f52360e29acb32a43e53', 'resume_gateway_url': 'wss://gateway-us-east1-b.discord.gg', 'relationships': [], 'private_channels': [], 'presences': [], 'guilds': [{'unavailable': True, 'id': '649021537285832745'}], 'guild_join_requests': [], 'geo_ordered_rtc_regions': ['newark', 'us-east', 'us-central', 'atlanta', 'us-south'], 'application': {'id': '1035362429758083072', 'flags': 565248}, '_trace': ['["gateway-prd-us-east1-b-59fp",{"micros":124117,"calls":["id_created",{"micros":706,"calls":[]},"session_lookup_time",{"micros":5674,"calls":[]},"session_lookup_finished",{"micros":20,"calls":[]},"discord-sessions-green-prd-2-111",{"micros":115349,"calls":["start_session",{"micros":107843,"calls":["discord-api-68b896f74-bckp8",{"micros":97113,"calls":["get_user",{"micros":13506},"get_guilds",{"micros":9564},"send_scheduled_deletion_message",{"micros":9},"guild_join_requests",{"micros":851},"authorized_ip_coro",{"micros":10}]}]},"starting_guild_connect",{"micros":74,"calls":[]},"presence_started",{"micros":425,"calls":[]},"guilds_started",{"micros":92,"calls":[]},"guilds_connect",{"micros":1,"calls":[]},"presence_connect",{"micros":6864,"calls":[]},"connect_finished",{"micros":6868,"calls":[]},"build_ready",{"micros":21,"calls":[]},"optimize_ready",{"micros":1,"calls":[]},"split_ready",{"micros":0,"calls":[]},"clean_ready",{"micros":23,"calls":[]}]}]}]']}}
[2022-10-27 21:54:57] [DEBUG   ] discord.client: Dispatching event socket_event_type
[2022-10-27 21:54:57] [INFO    ] discord.gateway: Shard ID None has connected to Gateway (Session ID: 089092b73985f52360e29acb32a43e53).
[2022-10-27 21:54:57] [DEBUG   ] discord.client: Dispatching event connect
[2022-10-27 21:54:57] [DEBUG   ] discord.gateway: For Shard ID None: WebSocket Event: {'t': 'GUILD_CREATE', 's': 2, 'op': 0, 'd': {'joined_at': '2022-10-28T01:31:09.053149+00:00', 'system_channel_id': '649021537285832748', 'banner': None, 'features': [], 'rules_channel_id': None, 'member_count': 3, 'splash': None, 'unavailable': False, 'guild_scheduled_events': [], 'stage_instances': [], 'premium_subscription_count': 0, 'stickers': [], 'max_members': 250000, 'channels': [{'version': 0, 'type': 4, 'position': 0, 'permission_overwrites': [], 'name': 'Text Channels', 'id': '649021537285832746', 'flags': 0}, {'version': 0, 'type': 4, 'position': 0, 'permission_overwrites': [], 'name': 'Voice Channels', 'id': '649021537285832747', 'flags': 0}, {'version': 0, 'type': 0, 'topic': None, 'rate_limit_per_user': 0, 'position': 0, 'permission_overwrites': [], 'parent_id': '649021537285832746', 'name': 'general', 'last_message_id': '1035370838825914369', 'id': '649021537285832748', 'flags': 0}, {'version': 0, 'user_limit': 0, 'type': 2, 'rtc_region': None, 'rate_limit_per_user': 0, 'position': 0, 'permission_overwrites': [], 'parent_id': '649021537285832747', 'name': 'General', 'last_message_id': None, 'id': '649021537290027008', 'flags': 0, 'bitrate': 64000}, {'version': 0, 'type': 4, 'position': 1, 'permission_overwrites': [], 'name': 'Pizza', 'id': '1017219314727796816', 'flags': 0}, {'version': 0, 'type': 0, 'topic': None, 'rate_limit_per_user': 0, 'position': 1, 'permission_overwrites': [], 'parent_id': '1017219314727796816', 'name': 'testr', 'last_message_id': None, 'id': '1017219456168103986', 'flags': 0}], 'id': '649021537285832745', 'premium_tier': 0, 'lazy': True, 'icon': None, 'owner_id': '348904133463375883', 'mfa_level': 0, 'afk_timeout': 300, 'premium_progress_bar_enabled': False, 'preferred_locale': 'en-US', 'members': [{'user': {'username': 'Unicron', 'public_flags': 0, 'id': '1035362429758083072', 'discriminator': '8406', 'bot': True, 'avatar': '3a4423cca25b55b4c6e2ae84e06801e3'}, 'roles': ['1035365070428983320'], 'premium_since': None, 'pending': False, 'nick': None, 'mute': False, 'joined_at': '2022-10-28T01:31:09.053149+00:00', 'flags': 0, 'deaf': False, 'communication_disabled_until': None, 'avatar': None}], 'vanity_url_code': None, 'hub_type': None, 'threads': [], 'application_id': None, 'public_updates_channel_id': None, 'max_video_channel_users': 25, 'voice_states': [], 'nsfw_level': 0, 'large': False, 'description': None, 'application_command_counts': {}, 'embedded_activities': [], 'system_channel_flags': 0, 'roles': [{'version': 0, 'unicode_emoji': None, 'tags': {}, 'position': 0, 'permissions': '1071698665025', 'name': '@everyone', 'mentionable': False, 'managed': False, 'id': '649021537285832745', 'icon': None, 'hoist': False, 'flags': 0, 'color': 0}, {'version': 1666616870340, 'unicode_emoji': None, 'tags': {'bot_id': '1033935029354647612'}, 'position': 1, 'permissions': '4398046511095', 'name': 'Test_bot', 'mentionable': False, 'managed': True, 'id': '1033936704924561442', 'icon': None, 'hoist': False, 'flags': 0, 'color': 0}, {'version': 1666921948328, 'unicode_emoji': None, 'tags': {'bot_id': '1035362429758083072'}, 'position': 1, 'permissions': '2419584080', 'name': 'Unicron', 'mentionable': False, 'managed': True, 'id': '1035365070428983320', 'icon': None, 'hoist': False, 'flags': 0, 'color': 0}], 'afk_channel_id': None, 'discovery_splash': None, 'nsfw': False, 'default_message_notifications': 0, 'verification_level': 0, 'region': 'deprecated', 'max_stage_video_channel_users': 0, 'emojis': [{'version': 0, 'roles': [], 'require_colons': True, 'name': 'emoji_1', 'managed': False, 'id': '649084558184284171', 'available': True, 'animated': False}], 'name': 'test', 'guild_hashes': {'version': 1, 'roles': {'omitted': False, 'hash': 'XPjlYg'}, 'metadata': {'omitted': False, 'hash': 'BTiy8Q'}, 'channels': {'omitted': False, 'hash': '6Ck93w'}}, 'presences': [], 'explicit_content_filter': 0}}
[2022-10-27 21:54:57] [DEBUG   ] discord.client: Dispatching event socket_event_type
[2022-10-27 21:54:57] [DEBUG   ] discord.client: Dispatching event guild_available
[2022-10-27 21:54:59] [DEBUG   ] discord.client: Dispatching event ready
[2022-10-27 21:55:06] [DEBUG   ] discord.gateway: For Shard ID None: WebSocket Event: {'t': 'TYPING_START', 's': 3, 'op': 0, 'd': {'user_id': '348904133463375883', 'timestamp': 1666922106, 'member': {'user': {'username': 'Proton', 'public_flags': 0, 'id': '348904133463375883', 'discriminator': '1407', 'bot': False, 'avatar': '092a22e7314187dad60c5b1136b107ef'}, 'roles': [], 'premium_since': None, 'pending': False, 'nick': None, 'mute': False, 'joined_at': '2019-11-26T22:59:52.790000+00:00', 'flags': 0, 'deaf': False, 'communication_disabled_until': None, 'avatar': None}, 'channel_id': '649021537285832748', 'guild_id': '649021537285832745'}}
[2022-10-27 21:55:06] [DEBUG   ] discord.client: Dispatching event socket_event_type
[2022-10-27 21:55:06] [DEBUG   ] discord.client: Dispatching event typing
[2022-10-27 21:55:06] [DEBUG   ] discord.client: Dispatching event raw_typing
[2022-10-27 21:55:09] [DEBUG   ] discord.gateway: For Shard ID None: WebSocket Event: {'t': 'MESSAGE_CREATE', 's': 4, 'op': 0, 'd': {'type': 0, 'tts': False, 'timestamp': '2022-10-28T01:55:09.122000+00:00', 'referenced_message': None, 'pinned': False, 'nonce': '1035371111237287936', 'mentions': [], 'mention_roles': [], 'mention_everyone': False, 'member': {'roles': [], 'premium_since': None, 'pending': False, 'nick': None, 'mute': False, 'joined_at': '2019-11-26T22:59:52.790000+00:00', 'flags': 0, 'deaf': False, 'communication_disabled_until': None, 'avatar': None}, 'id': '1035371110977503313', 'flags': 0, 'embeds': [], 'edited_timestamp': None, 'content': '!prefix_change "', 'components': [], 'channel_id': '649021537285832748', 'author': {'username': 'Proton', 'public_flags': 0, 'id': '348904133463375883', 'discriminator': '1407', 'avatar_decoration': None, 'avatar': '092a22e7314187dad60c5b1136b107ef'}, 'attachments': [], 'guild_id': '649021537285832745'}}
[2022-10-27 21:55:09] [DEBUG   ] discord.client: Dispatching event socket_event_type
[2022-10-27 21:55:09] [DEBUG   ] discord.client: Dispatching event message
[2022-10-27 21:55:33] [DEBUG   ] discord.gateway: For Shard ID None: WebSocket Event: {'t': 'TYPING_START', 's': 5, 'op': 0, 'd': {'user_id': '348904133463375883', 'timestamp': 1666922133, 'member': {'user': {'username': 'Proton', 'public_flags': 0, 'id': '348904133463375883', 'discriminator': '1407', 'bot': False, 'avatar': '092a22e7314187dad60c5b1136b107ef'}, 'roles': [], 'premium_since': None, 'pending': False, 'nick': None, 'mute': False, 'joined_at': '2019-11-26T22:59:52.790000+00:00', 'flags': 0, 'deaf': False, 'communication_disabled_until': None, 'avatar': None}, 'channel_id': '649021537285832748', 'guild_id': '649021537285832745'}}
[2022-10-27 21:55:33] [DEBUG   ] discord.client: Dispatching event socket_event_type
[2022-10-27 21:55:33] [DEBUG   ] discord.client: Dispatching event typing
[2022-10-27 21:55:33] [DEBUG   ] discord.client: Dispatching event raw_typing
[2022-10-27 21:55:38] [DEBUG   ] discord.gateway: For Shard ID None: WebSocket Event: {'t': 'MESSAGE_CREATE', 's': 6, 'op': 0, 'd': {'type': 0, 'tts': False, 'timestamp': '2022-10-28T01:55:37.825000+00:00', 'referenced_message': None, 'pinned': False, 'nonce': '1035371231412486144', 'mentions': [], 'mention_roles': [], 'mention_everyone': False, 'member': {'roles': [], 'premium_since': None, 'pending': False, 'nick': None, 'mute': False, 'joined_at': '2019-11-26T22:59:52.790000+00:00', 'flags': 0, 'deaf': False, 'communication_disabled_until': None, 'avatar': None}, 'id': '1035371231366615121', 'flags': 0, 'embeds': [], 'edited_timestamp': None, 'content': '!pref_change "', 'components': [], 'channel_id': '649021537285832748', 'author': {'username': 'Proton', 'public_flags': 0, 'id': '348904133463375883', 'discriminator': '1407', 'avatar_decoration': None, 'avatar': '092a22e7314187dad60c5b1136b107ef'}, 'attachments': [], 'guild_id': '649021537285832745'}}
[2022-10-27 21:55:38] [DEBUG   ] discord.client: Dispatching event socket_event_type
[2022-10-27 21:55:38] [DEBUG   ] discord.client: Dispatching event message
[2022-10-27 21:55:38] [DEBUG   ] discord.gateway: Keeping shard ID None websocket alive with sequence 6.
[2022-10-27 21:55:38] [DEBUG   ] discord.gateway: For Shard ID None: WebSocket Event: {'t': None, 's': None, 'op': 11, 'd': None}
[2022-10-27 21:56:19] [DEBUG   ] discord.gateway: Keeping shard ID None websocket alive with sequence 6.
[2022-10-27 21:56:19] [DEBUG   ] discord.gateway: For Shard ID None: WebSocket Event: {'t': None, 's': None, 'op': 11, 'd': None}
[2022-10-27 21:56:34] [DEBUG   ] discord.client: on_ready has successfully been registered as an event
[2022-10-27 21:56:34] [INFO    ] discord.client: logging in using static token
[2022-10-27 21:56:34] [DEBUG   ] discord.gateway: Created websocket connected to wss://gateway.discord.gg/
[2022-10-27 21:56:34] [DEBUG   ] discord.gateway: For Shard ID None: WebSocket Event: {'t': None, 's': None, 'op': 10, 'd': {'heartbeat_interval': 41250, '_trace': ['["gateway-prd-us-east1-b-34zr",{"micros":0.0}]']}}
[2022-10-27 21:56:34] [DEBUG   ] discord.gateway: Shard ID None has sent the IDENTIFY payload.
[2022-10-27 21:56:34] [DEBUG   ] discord.gateway: For Shard ID None: WebSocket Event: {'t': None, 's': None, 'op': 11, 'd': None}
[2022-10-27 21:56:34] [DEBUG   ] discord.gateway: For Shard ID None: WebSocket Event: {'t': 'READY', 's': 1, 'op': 0, 'd': {'v': 10, 'user_settings': {}, 'user': {'verified': True, 'username': 'Unicron', 'mfa_enabled': False, 'id': '1035362429758083072', 'flags': 0, 'email': None, 'discriminator': '8406', 'bot': True, 'avatar': '3a4423cca25b55b4c6e2ae84e06801e3'}, 'session_type': 'normal', 'session_id': '27273e2141b7f5d2ee0c5c8b59573f67', 'resume_gateway_url': 'wss://gateway-us-east1-b.discord.gg', 'relationships': [], 'private_channels': [], 'presences': [], 'guilds': [{'unavailable': True, 'id': '649021537285832745'}], 'guild_join_requests': [], 'geo_ordered_rtc_regions': ['newark', 'us-east', 'us-central', 'atlanta', 'us-south'], 'application': {'id': '1035362429758083072', 'flags': 565248}, '_trace': ['["gateway-prd-us-east1-b-34zr",{"micros":79875,"calls":["id_created",{"micros":536,"calls":[]},"session_lookup_time",{"micros":351,"calls":[]},"session_lookup_finished",{"micros":11,"calls":[]},"discord-sessions-green-prd-2-43",{"micros":77978,"calls":["start_session",{"micros":67445,"calls":["discord-api-68b896f74-w5qpw",{"micros":58318,"calls":["get_user",{"micros":11667},"get_guilds",{"micros":7405},"send_scheduled_deletion_message",{"micros":8},"guild_join_requests",{"micros":2},"authorized_ip_coro",{"micros":15}]}]},"starting_guild_connect",{"micros":49,"calls":[]},"presence_started",{"micros":278,"calls":[]},"guilds_started",{"micros":74,"calls":[]},"guilds_connect",{"micros":1,"calls":[]},"presence_connect",{"micros":10073,"calls":[]},"connect_finished",{"micros":10079,"calls":[]},"build_ready",{"micros":18,"calls":[]},"optimize_ready",{"micros":1,"calls":[]},"split_ready",{"micros":31,"calls":[]},"clean_ready",{"micros":1,"calls":[]}]}]}]']}}
[2022-10-27 21:56:34] [DEBUG   ] discord.client: Dispatching event socket_event_type
[2022-10-27 21:56:34] [INFO    ] discord.gateway: Shard ID None has connected to Gateway (Session ID: 27273e2141b7f5d2ee0c5c8b59573f67).
[2022-10-27 21:56:34] [DEBUG   ] discord.client: Dispatching event connect
[2022-10-27 21:56:34] [DEBUG   ] discord.gateway: For Shard ID None: WebSocket Event: {'t': 'GUILD_CREATE', 's': 2, 'op': 0, 'd': {'rules_channel_id': None, 'premium_subscription_count': 0, 'stage_instances': [], 'splash': None, 'premium_tier': 0, 'banner': None, 'owner_id': '348904133463375883', 'max_stage_video_channel_users': 0, 'channels': [{'version': 0, 'type': 4, 'position': 0, 'permission_overwrites': [], 'name': 'Text Channels', 'id': '649021537285832746', 'flags': 0}, {'version': 0, 'type': 4, 'position': 0, 'permission_overwrites': [], 'name': 'Voice Channels', 'id': '649021537285832747', 'flags': 0}, {'version': 0, 'type': 0, 'topic': None, 'rate_limit_per_user': 0, 'position': 0, 'permission_overwrites': [], 'parent_id': '649021537285832746', 'name': 'general', 'last_message_id': '1035371231366615121', 'id': '649021537285832748', 'flags': 0}, {'version': 0, 'user_limit': 0, 'type': 2, 'rtc_region': None, 'rate_limit_per_user': 0, 'position': 0, 'permission_overwrites': [], 'parent_id': '649021537285832747', 'name': 'General', 'last_message_id': None, 'id': '649021537290027008', 'flags': 0, 'bitrate': 64000}, {'version': 0, 'type': 4, 'position': 1, 'permission_overwrites': [], 'name': 'Pizza', 'id': '1017219314727796816', 'flags': 0}, {'version': 0, 'type': 0, 'topic': None, 'rate_limit_per_user': 0, 'position': 1, 'permission_overwrites': [], 'parent_id': '1017219314727796816', 'name': 'testr', 'last_message_id': None, 'id': '1017219456168103986', 'flags': 0}], 'icon': None, 'discovery_splash': None, 'member_count': 3, 'emojis': [{'version': 0, 'roles': [], 'require_colons': True, 'name': 'emoji_1', 'managed': False, 'id': '649084558184284171', 'available': True, 'animated': False}], 'embedded_activities': [], 'guild_scheduled_events': [], 'large': False, 'afk_timeout': 300, 'features': [], 'stickers': [], 'nsfw': False, 'mfa_level': 0, 'public_updates_channel_id': None, 'id': '649021537285832745', 'preferred_locale': 'en-US', 'default_message_notifications': 0, 'premium_progress_bar_enabled': False, 'region': 'deprecated', 'vanity_url_code': None, 'guild_hashes': {'version': 1, 'roles': {'omitted': False, 'hash': 'XPjlYg'}, 'metadata': {'omitted': False, 'hash': 'BTiy8Q'}, 'channels': {'omitted': False, 'hash': '6Ck93w'}}, 'system_channel_id': '649021537285832748', 'threads': [], 'members': [{'user': {'username': 'Unicron', 'public_flags': 0, 'id': '1035362429758083072', 'discriminator': '8406', 'bot': True, 'avatar': '3a4423cca25b55b4c6e2ae84e06801e3'}, 'roles': ['1035365070428983320'], 'premium_since': None, 'pending': False, 'nick': None, 'mute': False, 'joined_at': '2022-10-28T01:31:09.053149+00:00', 'flags': 0, 'deaf': False, 'communication_disabled_until': None, 'avatar': None}], 'application_id': None, 'nsfw_level': 0, 'description': None, 'joined_at': '2022-10-28T01:31:09.053149+00:00', 'voice_states': [], 'application_command_counts': {}, 'presences': [], 'hub_type': None, 'roles': [{'version': 0, 'unicode_emoji': None, 'tags': {}, 'position': 0, 'permissions': '1071698665025', 'name': '@everyone', 'mentionable': False, 'managed': False, 'id': '649021537285832745', 'icon': None, 'hoist': False, 'flags': 0, 'color': 0}, {'version': 1666616870340, 'unicode_emoji': None, 'tags': {'bot_id': '1033935029354647612'}, 'position': 1, 'permissions': '4398046511095', 'name': 'Test_bot', 'mentionable': False, 'managed': True, 'id': '1033936704924561442', 'icon': None, 'hoist': False, 'flags': 0, 'color': 0}, {'version': 1666921948328, 'unicode_emoji': None, 'tags': {'bot_id': '1035362429758083072'}, 'position': 1, 'permissions': '2419584080', 'name': 'Unicron', 'mentionable': False, 'managed': True, 'id': '1035365070428983320', 'icon': None, 'hoist': False, 'flags': 0, 'color': 0}], 'verification_level': 0, 'system_channel_flags': 0, 'lazy': True, 'name': 'test', 'explicit_content_filter': 0, 'afk_channel_id': None, 'unavailable': False, 'max_video_channel_users': 25, 'max_members': 250000}}
[2022-10-27 21:56:34] [DEBUG   ] discord.client: Dispatching event socket_event_type
[2022-10-27 21:56:34] [DEBUG   ] discord.client: Dispatching event guild_available
[2022-10-27 21:56:36] [DEBUG   ] discord.client: Dispatching event ready
[2022-10-27 21:56:41] [DEBUG   ] discord.gateway: For Shard ID None: WebSocket Event: {'t': 'MESSAGE_CREATE', 's': 3, 'op': 0, 'd': {'type': 0, 'tts': False, 'timestamp': '2022-10-28T01:56:41.316000+00:00', 'referenced_message': None, 'pinned': False, 'nonce': '1035371497662709760', 'mentions': [], 'mention_roles': [], 'mention_everyone': False, 'member': {'roles': [], 'premium_since': None, 'pending': False, 'nick': None, 'mute': False, 'joined_at': '2019-11-26T22:59:52.790000+00:00', 'flags': 0, 'deaf': False, 'communication_disabled_until': None, 'avatar': None}, 'id': '1035371497667186728', 'flags': 0, 'embeds': [], 'edited_timestamp': None, 'content': '!test', 'components': [], 'channel_id': '649021537285832748', 'author': {'username': 'Proton', 'public_flags': 0, 'id': '348904133463375883', 'discriminator': '1407', 'avatar_decoration': None, 'avatar': '092a22e7314187dad60c5b1136b107ef'}, 'attachments': [], 'guild_id': '649021537285832745'}}
[2022-10-27 21:56:41] [DEBUG   ] discord.client: Dispatching event socket_event_type
[2022-10-27 21:56:41] [DEBUG   ] discord.client: Dispatching event message
[2022-10-27 21:56:44] [DEBUG   ] discord.gateway: For Shard ID None: WebSocket Event: {'t': 'MESSAGE_CREATE', 's': 4, 'op': 0, 'd': {'type': 0, 'tts': False, 'timestamp': '2022-10-28T01:56:44.489000+00:00', 'referenced_message': None, 'pinned': False, 'nonce': '1035371511256449024', 'mentions': [], 'mention_roles': [], 'mention_everyone': False, 'member': {'roles': [], 'premium_since': None, 'pending': False, 'nick': None, 'mute': False, 'joined_at': '2019-11-26T22:59:52.790000+00:00', 'flags': 0, 'deaf': False, 'communication_disabled_until': None, 'avatar': None}, 'id': '1035371510975696956', 'flags': 0, 'embeds': [], 'edited_timestamp': None, 'content': '$test', 'components': [], 'channel_id': '649021537285832748', 'author': {'username': 'Proton', 'public_flags': 0, 'id': '348904133463375883', 'discriminator': '1407', 'avatar_decoration': None, 'avatar': '092a22e7314187dad60c5b1136b107ef'}, 'attachments': [], 'guild_id': '649021537285832745'}}
[2022-10-27 21:56:44] [DEBUG   ] discord.client: Dispatching event socket_event_type
[2022-10-27 21:56:44] [DEBUG   ] discord.client: Dispatching event message
[2022-10-27 21:57:15] [DEBUG   ] discord.gateway: Keeping shard ID None websocket alive with sequence 4.
[2022-10-27 21:57:15] [DEBUG   ] discord.gateway: For Shard ID None: WebSocket Event: {'t': None, 's': None, 'op': 11, 'd': None}
[2022-10-27 21:57:56] [DEBUG   ] discord.gateway: Keeping shard ID None websocket alive with sequence 4.
[2022-10-27 21:57:56] [DEBUG   ] discord.gateway: For Shard ID None: WebSocket Event: {'t': None, 's': None, 'op': 11, 'd': None}
[2022-10-27 21:58:27] [DEBUG   ] discord.client: on_ready has successfully been registered as an event
[2022-10-27 21:58:27] [INFO    ] discord.client: logging in using static token
[2022-10-27 21:58:27] [DEBUG   ] discord.gateway: Created websocket connected to wss://gateway.discord.gg/
[2022-10-27 21:58:27] [DEBUG   ] discord.gateway: For Shard ID None: WebSocket Event: {'t': None, 's': None, 'op': 10, 'd': {'heartbeat_interval': 41250, '_trace': ['["gateway-prd-us-east1-b-sgsx",{"micros":0.0}]']}}
[2022-10-27 21:58:27] [DEBUG   ] discord.gateway: Shard ID None has sent the IDENTIFY payload.
[2022-10-27 21:58:27] [DEBUG   ] discord.gateway: For Shard ID None: WebSocket Event: {'t': None, 's': None, 'op': 11, 'd': None}
[2022-10-27 21:58:27] [DEBUG   ] discord.gateway: For Shard ID None: WebSocket Event: {'t': 'READY', 's': 1, 'op': 0, 'd': {'v': 10, 'user_settings': {}, 'user': {'verified': True, 'username': 'Unicron', 'mfa_enabled': False, 'id': '1035362429758083072', 'flags': 0, 'email': None, 'discriminator': '8406', 'bot': True, 'avatar': '3a4423cca25b55b4c6e2ae84e06801e3'}, 'session_type': 'normal', 'session_id': '6bf5276378f8307efb31b00442b3d541', 'resume_gateway_url': 'wss://gateway-us-east1-b.discord.gg', 'relationships': [], 'private_channels': [], 'presences': [], 'guilds': [{'unavailable': True, 'id': '649021537285832745'}], 'guild_join_requests': [], 'geo_ordered_rtc_regions': ['newark', 'us-east', 'us-central', 'atlanta', 'us-south'], 'application': {'id': '1035362429758083072', 'flags': 565248}, '_trace': ['["gateway-prd-us-east1-b-sgsx",{"micros":127863,"calls":["id_created",{"micros":1001,"calls":[]},"session_lookup_time",{"micros":375,"calls":[]},"session_lookup_finished",{"micros":11,"calls":[]},"discord-sessions-green-prd-2-163",{"micros":125315,"calls":["start_session",{"micros":59286,"calls":["discord-api-68b896f74-p9l2s",{"micros":52944,"calls":["get_user",{"micros":9273},"get_guilds",{"micros":7171},"send_scheduled_deletion_message",{"micros":12},"guild_join_requests",{"micros":2},"authorized_ip_coro",{"micros":11}]}]},"starting_guild_connect",{"micros":74,"calls":[]},"presence_started",{"micros":41170,"calls":[]},"guilds_started",{"micros":89,"calls":[]},"guilds_connect",{"micros":1,"calls":[]},"presence_connect",{"micros":24653,"calls":[]},"connect_finished",{"micros":24658,"calls":[]},"build_ready",{"micros":16,"calls":[]},"optimize_ready",{"micros":0,"calls":[]},"split_ready",{"micros":1,"calls":[]},"clean_ready",{"micros":19,"calls":[]}]}]}]']}}
[2022-10-27 21:58:27] [DEBUG   ] discord.client: Dispatching event socket_event_type
[2022-10-27 21:58:27] [INFO    ] discord.gateway: Shard ID None has connected to Gateway (Session ID: 6bf5276378f8307efb31b00442b3d541).
[2022-10-27 21:58:27] [DEBUG   ] discord.client: Dispatching event connect
[2022-10-27 21:58:27] [DEBUG   ] discord.gateway: For Shard ID None: WebSocket Event: {'t': 'GUILD_CREATE', 's': 2, 'op': 0, 'd': {'splash': None, 'large': False, 'nsfw': False, 'max_stage_video_channel_users': 0, 'hub_type': None, 'verification_level': 0, 'premium_subscription_count': 0, 'joined_at': '2022-10-28T01:31:09.053149+00:00', 'stage_instances': [], 'premium_progress_bar_enabled': False, 'members': [{'user': {'username': 'Unicron', 'public_flags': 0, 'id': '1035362429758083072', 'discriminator': '8406', 'bot': True, 'avatar': '3a4423cca25b55b4c6e2ae84e06801e3'}, 'roles': ['1035365070428983320'], 'premium_since': None, 'pending': False, 'nick': None, 'mute': False, 'joined_at': '2022-10-28T01:31:09.053149+00:00', 'flags': 0, 'deaf': False, 'communication_disabled_until': None, 'avatar': None}], 'roles': [{'version': 0, 'unicode_emoji': None, 'tags': {}, 'position': 0, 'permissions': '1071698665025', 'name': '@everyone', 'mentionable': False, 'managed': False, 'id': '649021537285832745', 'icon': None, 'hoist': False, 'flags': 0, 'color': 0}, {'version': 1666616870340, 'unicode_emoji': None, 'tags': {'bot_id': '1033935029354647612'}, 'position': 1, 'permissions': '4398046511095', 'name': 'Test_bot', 'mentionable': False, 'managed': True, 'id': '1033936704924561442', 'icon': None, 'hoist': False, 'flags': 0, 'color': 0}, {'version': 1666921948328, 'unicode_emoji': None, 'tags': {'bot_id': '1035362429758083072'}, 'position': 1, 'permissions': '2419584080', 'name': 'Unicron', 'mentionable': False, 'managed': True, 'id': '1035365070428983320', 'icon': None, 'hoist': False, 'flags': 0, 'color': 0}], 'banner': None, 'unavailable': False, 'rules_channel_id': None, 'public_updates_channel_id': None, 'guild_hashes': {'version': 1, 'roles': {'omitted': False, 'hash': 'XPjlYg'}, 'metadata': {'omitted': False, 'hash': 'BTiy8Q'}, 'channels': {'omitted': False, 'hash': '6Ck93w'}}, 'afk_channel_id': None, 'embedded_activities': [], 'id': '649021537285832745', 'member_count': 3, 'region': 'deprecated', 'owner_id': '348904133463375883', 'discovery_splash': None, 'premium_tier': 0, 'system_channel_flags': 0, 'vanity_url_code': None, 'threads': [], 'explicit_content_filter': 0, 'application_id': None, 'emojis': [{'version': 0, 'roles': [], 'require_colons': True, 'name': 'emoji_1', 'managed': False, 'id': '649084558184284171', 'available': True, 'animated': False}], 'stickers': [], 'preferred_locale': 'en-US', 'lazy': True, 'description': None, 'application_command_counts': {}, 'icon': None, 'mfa_level': 0, 'nsfw_level': 0, 'system_channel_id': '649021537285832748', 'max_video_channel_users': 25, 'channels': [{'version': 0, 'type': 4, 'position': 0, 'permission_overwrites': [], 'name': 'Text Channels', 'id': '649021537285832746', 'flags': 0}, {'version': 0, 'type': 4, 'position': 0, 'permission_overwrites': [], 'name': 'Voice Channels', 'id': '649021537285832747', 'flags': 0}, {'version': 0, 'type': 0, 'topic': None, 'rate_limit_per_user': 0, 'position': 0, 'permission_overwrites': [], 'parent_id': '649021537285832746', 'name': 'general', 'last_message_id': '1035371510975696956', 'id': '649021537285832748', 'flags': 0}, {'version': 0, 'user_limit': 0, 'type': 2, 'rtc_region': None, 'rate_limit_per_user': 0, 'position': 0, 'permission_overwrites': [], 'parent_id': '649021537285832747', 'name': 'General', 'last_message_id': None, 'id': '649021537290027008', 'flags': 0, 'bitrate': 64000}, {'version': 0, 'type': 4, 'position': 1, 'permission_overwrites': [], 'name': 'Pizza', 'id': '1017219314727796816', 'flags': 0}, {'version': 0, 'type': 0, 'topic': None, 'rate_limit_per_user': 0, 'position': 1, 'permission_overwrites': [], 'parent_id': '1017219314727796816', 'name': 'testr', 'last_message_id': None, 'id': '1017219456168103986', 'flags': 0}], 'name': 'test', 'default_message_notifications': 0, 'voice_states': [], 'guild_scheduled_events': [], 'max_members': 250000, 'afk_timeout': 300, 'features': [], 'presences': []}}
[2022-10-27 21:58:27] [DEBUG   ] discord.client: Dispatching event socket_event_type
[2022-10-27 21:58:27] [DEBUG   ] discord.client: Dispatching event guild_available
[2022-10-27 21:58:29] [DEBUG   ] discord.client: Dispatching event ready
[2022-10-27 21:58:36] [DEBUG   ] discord.gateway: For Shard ID None: WebSocket Event: {'t': 'TYPING_START', 's': 3, 'op': 0, 'd': {'user_id': '348904133463375883', 'timestamp': 1666922316, 'member': {'user': {'username': 'Proton', 'public_flags': 0, 'id': '348904133463375883', 'discriminator': '1407', 'bot': False, 'avatar': '092a22e7314187dad60c5b1136b107ef'}, 'roles': [], 'premium_since': None, 'pending': False, 'nick': None, 'mute': False, 'joined_at': '2019-11-26T22:59:52.790000+00:00', 'flags': 0, 'deaf': False, 'communication_disabled_until': None, 'avatar': None}, 'channel_id': '649021537285832748', 'guild_id': '649021537285832745'}}
[2022-10-27 21:58:36] [DEBUG   ] discord.client: Dispatching event socket_event_type
[2022-10-27 21:58:36] [DEBUG   ] discord.client: Dispatching event typing
[2022-10-27 21:58:36] [DEBUG   ] discord.client: Dispatching event raw_typing
[2022-10-27 21:58:40] [DEBUG   ] discord.gateway: For Shard ID None: WebSocket Event: {'t': 'MESSAGE_CREATE', 's': 4, 'op': 0, 'd': {'type': 0, 'tts': False, 'timestamp': '2022-10-28T01:58:40.102000+00:00', 'referenced_message': None, 'pinned': False, 'nonce': '1035371995685978112', 'mentions': [], 'mention_roles': [], 'mention_everyone': False, 'member': {'roles': [], 'premium_since': None, 'pending': False, 'nick': None, 'mute': False, 'joined_at': '2019-11-26T22:59:52.790000+00:00', 'flags': 0, 'deaf': False, 'communication_disabled_until': None, 'avatar': None}, 'id': '1035371995891773500', 'flags': 0, 'embeds': [], 'edited_timestamp': None, 'content': '!test2 hello', 'components': [], 'channel_id': '649021537285832748', 'author': {'username': 'Proton', 'public_flags': 0, 'id': '348904133463375883', 'discriminator': '1407', 'avatar_decoration': None, 'avatar': '092a22e7314187dad60c5b1136b107ef'}, 'attachments': [], 'guild_id': '649021537285832745'}}
[2022-10-27 21:58:40] [DEBUG   ] discord.client: Dispatching event socket_event_type
[2022-10-27 21:58:40] [DEBUG   ] discord.client: Dispatching event message
[2022-10-27 21:58:45] [DEBUG   ] discord.gateway: For Shard ID None: WebSocket Event: {'t': 'TYPING_START', 's': 5, 'op': 0, 'd': {'user_id': '348904133463375883', 'timestamp': 1666922324, 'member': {'user': {'username': 'Proton', 'public_flags': 0, 'id': '348904133463375883', 'discriminator': '1407', 'bot': False, 'avatar': '092a22e7314187dad60c5b1136b107ef'}, 'roles': [], 'premium_since': None, 'pending': False, 'nick': None, 'mute': False, 'joined_at': '2019-11-26T22:59:52.790000+00:00', 'flags': 0, 'deaf': False, 'communication_disabled_until': None, 'avatar': None}, 'channel_id': '649021537285832748', 'guild_id': '649021537285832745'}}
[2022-10-27 21:58:45] [DEBUG   ] discord.client: Dispatching event socket_event_type
[2022-10-27 21:58:45] [DEBUG   ] discord.client: Dispatching event typing
[2022-10-27 21:58:45] [DEBUG   ] discord.client: Dispatching event raw_typing
[2022-10-27 21:58:47] [DEBUG   ] discord.gateway: For Shard ID None: WebSocket Event: {'t': 'MESSAGE_CREATE', 's': 6, 'op': 0, 'd': {'type': 0, 'tts': False, 'timestamp': '2022-10-28T01:58:47.487000+00:00', 'referenced_message': None, 'pinned': False, 'nonce': '1035372027013234688', 'mentions': [], 'mention_roles': [], 'mention_everyone': False, 'member': {'roles': [], 'premium_since': None, 'pending': False, 'nick': None, 'mute': False, 'joined_at': '2019-11-26T22:59:52.790000+00:00', 'flags': 0, 'deaf': False, 'communication_disabled_until': None, 'avatar': None}, 'id': '1035372026866696222', 'flags': 0, 'embeds': [], 'edited_timestamp': None, 'content': '$test2 hello', 'components': [], 'channel_id': '649021537285832748', 'author': {'username': 'Proton', 'public_flags': 0, 'id': '348904133463375883', 'discriminator': '1407', 'avatar_decoration': None, 'avatar': '092a22e7314187dad60c5b1136b107ef'}, 'attachments': [], 'guild_id': '649021537285832745'}}
[2022-10-27 21:58:47] [DEBUG   ] discord.client: Dispatching event socket_event_type
[2022-10-27 21:58:47] [DEBUG   ] discord.client: Dispatching event message
[2022-10-27 21:59:08] [DEBUG   ] discord.gateway: Keeping shard ID None websocket alive with sequence 6.
[2022-10-27 21:59:08] [DEBUG   ] discord.gateway: For Shard ID None: WebSocket Event: {'t': None, 's': None, 'op': 11, 'd': None}
[2022-10-27 21:59:49] [DEBUG   ] discord.gateway: Keeping shard ID None websocket alive with sequence 6.
[2022-10-27 21:59:49] [DEBUG   ] discord.gateway: For Shard ID None: WebSocket Event: {'t': None, 's': None, 'op': 11, 'd': None}
[2022-10-27 22:00:31] [DEBUG   ] discord.gateway: Keeping shard ID None websocket alive with sequence 6.
[2022-10-27 22:00:31] [DEBUG   ] discord.gateway: For Shard ID None: WebSocket Event: {'t': None, 's': None, 'op': 11, 'd': None}
[2022-10-27 22:01:12] [DEBUG   ] discord.gateway: Keeping shard ID None websocket alive with sequence 6.
[2022-10-27 22:01:12] [DEBUG   ] discord.gateway: For Shard ID None: WebSocket Event: {'t': None, 's': None, 'op': 11, 'd': None}
[2022-10-27 22:01:53] [DEBUG   ] discord.gateway: Keeping shard ID None websocket alive with sequence 6.
[2022-10-27 22:01:53] [DEBUG   ] discord.gateway: For Shard ID None: WebSocket Event: {'t': None, 's': None, 'op': 11, 'd': None}
[2022-10-27 22:02:12] [DEBUG   ] discord.client: on_ready has successfully been registered as an event
[2022-10-27 22:02:12] [INFO    ] discord.client: logging in using static token
[2022-10-27 22:02:13] [DEBUG   ] discord.gateway: Created websocket connected to wss://gateway.discord.gg/
[2022-10-27 22:02:13] [DEBUG   ] discord.gateway: For Shard ID None: WebSocket Event: {'t': None, 's': None, 'op': 10, 'd': {'heartbeat_interval': 41250, '_trace': ['["gateway-prd-us-east1-c-6dk3",{"micros":0.0}]']}}
[2022-10-27 22:02:13] [DEBUG   ] discord.gateway: Shard ID None has sent the IDENTIFY payload.
[2022-10-27 22:02:13] [DEBUG   ] discord.gateway: For Shard ID None: WebSocket Event: {'t': None, 's': None, 'op': 11, 'd': None}
[2022-10-27 22:02:13] [DEBUG   ] discord.gateway: For Shard ID None: WebSocket Event: {'t': 'READY', 's': 1, 'op': 0, 'd': {'v': 10, 'user_settings': {}, 'user': {'verified': True, 'username': 'Unicron', 'mfa_enabled': False, 'id': '1035362429758083072', 'flags': 0, 'email': None, 'discriminator': '8406', 'bot': True, 'avatar': '3a4423cca25b55b4c6e2ae84e06801e3'}, 'session_type': 'normal', 'session_id': '37733703eafd998d6b2a804a720fbd5b', 'resume_gateway_url': 'wss://gateway-us-east1-c.discord.gg', 'relationships': [], 'private_channels': [], 'presences': [], 'guilds': [{'unavailable': True, 'id': '649021537285832745'}], 'guild_join_requests': [], 'geo_ordered_rtc_regions': ['newark', 'us-east', 'us-central', 'atlanta', 'us-south'], 'application': {'id': '1035362429758083072', 'flags': 565248}, '_trace': ['["gateway-prd-us-east1-c-6dk3",{"micros":62885,"calls":["id_created",{"micros":1420,"calls":[]},"session_lookup_time",{"micros":418,"calls":[]},"session_lookup_finished",{"micros":14,"calls":[]},"discord-sessions-green-prd-2-94",{"micros":60528,"calls":["start_session",{"micros":53465,"calls":["discord-api-68b896f74-lpf5k",{"micros":46989,"calls":["get_user",{"micros":12777},"get_guilds",{"micros":3727},"send_scheduled_deletion_message",{"micros":10},"guild_join_requests",{"micros":2},"authorized_ip_coro",{"micros":8}]}]},"starting_guild_connect",{"micros":50,"calls":[]},"presence_started",{"micros":267,"calls":[]},"guilds_started",{"micros":97,"calls":[]},"guilds_connect",{"micros":2,"calls":[]},"presence_connect",{"micros":6602,"calls":[]},"connect_finished",{"micros":6608,"calls":[]},"build_ready",{"micros":20,"calls":[]},"optimize_ready",{"micros":1,"calls":[]},"split_ready",{"micros":18,"calls":[]},"clean_ready",{"micros":0,"calls":[]}]}]}]']}}
[2022-10-27 22:02:13] [DEBUG   ] discord.client: Dispatching event socket_event_type
[2022-10-27 22:02:13] [INFO    ] discord.gateway: Shard ID None has connected to Gateway (Session ID: 37733703eafd998d6b2a804a720fbd5b).
[2022-10-27 22:02:13] [DEBUG   ] discord.client: Dispatching event connect
[2022-10-27 22:02:13] [DEBUG   ] discord.gateway: For Shard ID None: WebSocket Event: {'t': 'GUILD_CREATE', 's': 2, 'op': 0, 'd': {'premium_subscription_count': 0, 'preferred_locale': 'en-US', 'nsfw_level': 0, 'afk_timeout': 300, 'public_updates_channel_id': None, 'application_id': None, 'nsfw': False, 'guild_hashes': {'version': 1, 'roles': {'omitted': False, 'hash': 'XPjlYg'}, 'metadata': {'omitted': False, 'hash': 'BTiy8Q'}, 'channels': {'omitted': False, 'hash': '6Ck93w'}}, 'presences': [], 'splash': None, 'hub_type': None, 'owner_id': '348904133463375883', 'system_channel_flags': 0, 'features': [], 'application_command_counts': {}, 'banner': None, 'id': '649021537285832745', 'default_message_notifications': 0, 'member_count': 3, 'max_video_channel_users': 25, 'roles': [{'version': 0, 'unicode_emoji': None, 'tags': {}, 'position': 0, 'permissions': '1071698665025', 'name': '@everyone', 'mentionable': False, 'managed': False, 'id': '649021537285832745', 'icon': None, 'hoist': False, 'flags': 0, 'color': 0}, {'version': 1666616870340, 'unicode_emoji': None, 'tags': {'bot_id': '1033935029354647612'}, 'position': 1, 'permissions': '4398046511095', 'name': 'Test_bot', 'mentionable': False, 'managed': True, 'id': '1033936704924561442', 'icon': None, 'hoist': False, 'flags': 0, 'color': 0}, {'version': 1666921948328, 'unicode_emoji': None, 'tags': {'bot_id': '1035362429758083072'}, 'position': 1, 'permissions': '2419584080', 'name': 'Unicron', 'mentionable': False, 'managed': True, 'id': '1035365070428983320', 'icon': None, 'hoist': False, 'flags': 0, 'color': 0}], 'afk_channel_id': None, 'premium_progress_bar_enabled': False, 'max_members': 250000, 'voice_states': [], 'stage_instances': [], 'premium_tier': 0, 'threads': [], 'mfa_level': 0, 'unavailable': False, 'max_stage_video_channel_users': 0, 'verification_level': 0, 'embedded_activities': [], 'members': [{'user': {'username': 'Unicron', 'public_flags': 0, 'id': '1035362429758083072', 'discriminator': '8406', 'bot': True, 'avatar': '3a4423cca25b55b4c6e2ae84e06801e3'}, 'roles': ['1035365070428983320'], 'premium_since': None, 'pending': False, 'nick': None, 'mute': False, 'joined_at': '2022-10-28T01:31:09.053149+00:00', 'flags': 0, 'deaf': False, 'communication_disabled_until': None, 'avatar': None}], 'description': None, 'joined_at': '2022-10-28T01:31:09.053149+00:00', 'stickers': [], 'region': 'deprecated', 'emojis': [{'version': 0, 'roles': [], 'require_colons': True, 'name': 'emoji_1', 'managed': False, 'id': '649084558184284171', 'available': True, 'animated': False}], 'explicit_content_filter': 0, 'large': False, 'icon': None, 'rules_channel_id': None, 'name': 'test', 'system_channel_id': '649021537285832748', 'lazy': True, 'discovery_splash': None, 'guild_scheduled_events': [], 'vanity_url_code': None, 'channels': [{'version': 0, 'type': 4, 'position': 0, 'permission_overwrites': [], 'name': 'Text Channels', 'id': '649021537285832746', 'flags': 0}, {'version': 0, 'type': 4, 'position': 0, 'permission_overwrites': [], 'name': 'Voice Channels', 'id': '649021537285832747', 'flags': 0}, {'version': 0, 'type': 0, 'topic': None, 'rate_limit_per_user': 0, 'position': 0, 'permission_overwrites': [], 'parent_id': '649021537285832746', 'name': 'general', 'last_message_id': '1035372026866696222', 'id': '649021537285832748', 'flags': 0}, {'version': 0, 'user_limit': 0, 'type': 2, 'rtc_region': None, 'rate_limit_per_user': 0, 'position': 0, 'permission_overwrites': [], 'parent_id': '649021537285832747', 'name': 'General', 'last_message_id': None, 'id': '649021537290027008', 'flags': 0, 'bitrate': 64000}, {'version': 0, 'type': 4, 'position': 1, 'permission_overwrites': [], 'name': 'Pizza', 'id': '1017219314727796816', 'flags': 0}, {'version': 0, 'type': 0, 'topic': None, 'rate_limit_per_user': 0, 'position': 1, 'permission_overwrites': [], 'parent_id': '1017219314727796816', 'name': 'testr', 'last_message_id': None, 'id': '1017219456168103986', 'flags': 0}]}}
[2022-10-27 22:02:13] [DEBUG   ] discord.client: Dispatching event socket_event_type
[2022-10-27 22:02:13] [DEBUG   ] discord.client: Dispatching event guild_available
[2022-10-27 22:02:15] [DEBUG   ] discord.client: Dispatching event ready
[2022-10-27 22:02:32] [DEBUG   ] discord.gateway: For Shard ID None: WebSocket Event: {'t': 'MESSAGE_CREATE', 's': 3, 'op': 0, 'd': {'type': 0, 'tts': False, 'timestamp': '2022-10-28T02:02:32.605000+00:00', 'referenced_message': None, 'pinned': False, 'nonce': '1035372971234951168', 'mentions': [], 'mention_roles': [], 'mention_everyone': False, 'member': {'roles': [], 'premium_since': None, 'pending': False, 'nick': None, 'mute': False, 'joined_at': '2019-11-26T22:59:52.790000+00:00', 'flags': 0, 'deaf': False, 'communication_disabled_until': None, 'avatar': None}, 'id': '1035372971080036424', 'flags': 0, 'embeds': [], 'edited_timestamp': None, 'content': '$hello', 'components': [], 'channel_id': '649021537285832748', 'author': {'username': 'Proton', 'public_flags': 0, 'id': '348904133463375883', 'discriminator': '1407', 'avatar_decoration': None, 'avatar': '092a22e7314187dad60c5b1136b107ef'}, 'attachments': [], 'guild_id': '649021537285832745'}}
[2022-10-27 22:02:32] [DEBUG   ] discord.client: Dispatching event socket_event_type
[2022-10-27 22:02:32] [DEBUG   ] discord.client: Dispatching event message
[2022-10-27 22:02:54] [DEBUG   ] discord.gateway: Keeping shard ID None websocket alive with sequence 3.
[2022-10-27 22:02:54] [DEBUG   ] discord.gateway: For Shard ID None: WebSocket Event: {'t': None, 's': None, 'op': 11, 'd': None}
[2022-10-27 22:03:05] [DEBUG   ] discord.client: on_ready has successfully been registered as an event
[2022-10-27 22:03:05] [INFO    ] discord.client: logging in using static token
[2022-10-27 22:03:05] [DEBUG   ] discord.gateway: Created websocket connected to wss://gateway.discord.gg/
[2022-10-27 22:03:05] [DEBUG   ] discord.gateway: For Shard ID None: WebSocket Event: {'t': None, 's': None, 'op': 10, 'd': {'heartbeat_interval': 41250, '_trace': ['["gateway-prd-us-east1-c-cdk9",{"micros":0.0}]']}}
[2022-10-27 22:03:05] [DEBUG   ] discord.gateway: Shard ID None has sent the IDENTIFY payload.
[2022-10-27 22:03:05] [DEBUG   ] discord.gateway: For Shard ID None: WebSocket Event: {'t': None, 's': None, 'op': 11, 'd': None}
[2022-10-27 22:03:05] [DEBUG   ] discord.gateway: For Shard ID None: WebSocket Event: {'t': 'READY', 's': 1, 'op': 0, 'd': {'v': 10, 'user_settings': {}, 'user': {'verified': True, 'username': 'Unicron', 'mfa_enabled': False, 'id': '1035362429758083072', 'flags': 0, 'email': None, 'discriminator': '8406', 'bot': True, 'avatar': '3a4423cca25b55b4c6e2ae84e06801e3'}, 'session_type': 'normal', 'session_id': '8c46bd6b1c2dc1dd8813a1dc5abb89ec', 'resume_gateway_url': 'wss://gateway-us-east1-c.discord.gg', 'relationships': [], 'private_channels': [], 'presences': [], 'guilds': [{'unavailable': True, 'id': '649021537285832745'}], 'guild_join_requests': [], 'geo_ordered_rtc_regions': ['newark', 'us-east', 'us-central', 'atlanta', 'us-south'], 'application': {'id': '1035362429758083072', 'flags': 565248}, '_trace': ['["gateway-prd-us-east1-c-cdk9",{"micros":115713,"calls":["id_created",{"micros":997,"calls":[]},"session_lookup_time",{"micros":284,"calls":[]},"session_lookup_finished",{"micros":13,"calls":[]},"discord-sessions-green-prd-2-146",{"micros":113674,"calls":["start_session",{"micros":37161,"calls":["discord-api-68b896f74-65kt4",{"micros":31947,"calls":["get_user",{"micros":8848},"get_guilds",{"micros":3035},"send_scheduled_deletion_message",{"micros":10},"guild_join_requests",{"micros":1},"authorized_ip_coro",{"micros":13}]}]},"starting_guild_connect",{"micros":63,"calls":[]},"presence_started",{"micros":23312,"calls":[]},"guilds_started",{"micros":86,"calls":[]},"guilds_connect",{"micros":2,"calls":[]},"presence_connect",{"micros":53011,"calls":[]},"connect_finished",{"micros":53015,"calls":[]},"build_ready",{"micros":16,"calls":[]},"optimize_ready",{"micros":0,"calls":[]},"split_ready",{"micros":1,"calls":[]},"clean_ready",{"micros":19,"calls":[]}]}]}]']}}
[2022-10-27 22:03:05] [DEBUG   ] discord.client: Dispatching event socket_event_type
[2022-10-27 22:03:05] [INFO    ] discord.gateway: Shard ID None has connected to Gateway (Session ID: 8c46bd6b1c2dc1dd8813a1dc5abb89ec).
[2022-10-27 22:03:05] [DEBUG   ] discord.client: Dispatching event connect
[2022-10-27 22:03:05] [DEBUG   ] discord.gateway: For Shard ID None: WebSocket Event: {'t': 'GUILD_CREATE', 's': 2, 'op': 0, 'd': {'afk_channel_id': None, 'application_command_counts': {}, 'member_count': 3, 'emojis': [{'version': 0, 'roles': [], 'require_colons': True, 'name': 'emoji_1', 'managed': False, 'id': '649084558184284171', 'available': True, 'animated': False}], 'splash': None, 'large': False, 'public_updates_channel_id': None, 'rules_channel_id': None, 'guild_hashes': {'version': 1, 'roles': {'omitted': False, 'hash': 'XPjlYg'}, 'metadata': {'omitted': False, 'hash': 'BTiy8Q'}, 'channels': {'omitted': False, 'hash': '6Ck93w'}}, 'stage_instances': [], 'banner': None, 'max_members': 250000, 'guild_scheduled_events': [], 'voice_states': [], 'preferred_locale': 'en-US', 'hub_type': None, 'vanity_url_code': None, 'members': [{'user': {'username': 'Unicron', 'public_flags': 0, 'id': '1035362429758083072', 'discriminator': '8406', 'bot': True, 'avatar': '3a4423cca25b55b4c6e2ae84e06801e3'}, 'roles': ['1035365070428983320'], 'premium_since': None, 'pending': False, 'nick': None, 'mute': False, 'joined_at': '2022-10-28T01:31:09.053149+00:00', 'flags': 0, 'deaf': False, 'communication_disabled_until': None, 'avatar': None}], 'max_video_channel_users': 25, 'application_id': None, 'id': '649021537285832745', 'nsfw': False, 'system_channel_flags': 0, 'icon': None, 'system_channel_id': '649021537285832748', 'mfa_level': 0, 'default_message_notifications': 0, 'features': [], 'joined_at': '2022-10-28T01:31:09.053149+00:00', 'premium_progress_bar_enabled': False, 'threads': [], 'verification_level': 0, 'presences': [], 'max_stage_video_channel_users': 0, 'owner_id': '348904133463375883', 'description': None, 'premium_subscription_count': 0, 'embedded_activities': [], 'afk_timeout': 300, 'explicit_content_filter': 0, 'unavailable': False, 'discovery_splash': None, 'roles': [{'version': 0, 'unicode_emoji': None, 'tags': {}, 'position': 0, 'permissions': '1071698665025', 'name': '@everyone', 'mentionable': False, 'managed': False, 'id': '649021537285832745', 'icon': None, 'hoist': False, 'flags': 0, 'color': 0}, {'version': 1666616870340, 'unicode_emoji': None, 'tags': {'bot_id': '1033935029354647612'}, 'position': 1, 'permissions': '4398046511095', 'name': 'Test_bot', 'mentionable': False, 'managed': True, 'id': '1033936704924561442', 'icon': None, 'hoist': False, 'flags': 0, 'color': 0}, {'version': 1666921948328, 'unicode_emoji': None, 'tags': {'bot_id': '1035362429758083072'}, 'position': 1, 'permissions': '2419584080', 'name': 'Unicron', 'mentionable': False, 'managed': True, 'id': '1035365070428983320', 'icon': None, 'hoist': False, 'flags': 0, 'color': 0}], 'lazy': True, 'region': 'deprecated', 'name': 'test', 'premium_tier': 0, 'channels': [{'version': 0, 'type': 4, 'position': 0, 'permission_overwrites': [], 'name': 'Text Channels', 'id': '649021537285832746', 'flags': 0}, {'version': 0, 'type': 4, 'position': 0, 'permission_overwrites': [], 'name': 'Voice Channels', 'id': '649021537285832747', 'flags': 0}, {'version': 0, 'type': 0, 'topic': None, 'rate_limit_per_user': 0, 'position': 0, 'permission_overwrites': [], 'parent_id': '649021537285832746', 'name': 'general', 'last_message_id': '1035372971080036424', 'id': '649021537285832748', 'flags': 0}, {'version': 0, 'user_limit': 0, 'type': 2, 'rtc_region': None, 'rate_limit_per_user': 0, 'position': 0, 'permission_overwrites': [], 'parent_id': '649021537285832747', 'name': 'General', 'last_message_id': None, 'id': '649021537290027008', 'flags': 0, 'bitrate': 64000}, {'version': 0, 'type': 4, 'position': 1, 'permission_overwrites': [], 'name': 'Pizza', 'id': '1017219314727796816', 'flags': 0}, {'version': 0, 'type': 0, 'topic': None, 'rate_limit_per_user': 0, 'position': 1, 'permission_overwrites': [], 'parent_id': '1017219314727796816', 'name': 'testr', 'last_message_id': None, 'id': '1017219456168103986', 'flags': 0}], 'stickers': [], 'nsfw_level': 0}}
[2022-10-27 22:03:05] [DEBUG   ] discord.client: Dispatching event socket_event_type
[2022-10-27 22:03:05] [DEBUG   ] discord.client: Dispatching event guild_available
[2022-10-27 22:03:07] [DEBUG   ] discord.client: Dispatching event ready
[2022-10-27 22:03:11] [DEBUG   ] discord.gateway: For Shard ID None: WebSocket Event: {'t': 'MESSAGE_CREATE', 's': 3, 'op': 0, 'd': {'type': 0, 'tts': False, 'timestamp': '2022-10-28T02:03:10.939000+00:00', 'referenced_message': None, 'pinned': False, 'nonce': '1035373131897765888', 'mentions': [], 'mention_roles': [], 'mention_everyone': False, 'member': {'roles': [], 'premium_since': None, 'pending': False, 'nick': None, 'mute': False, 'joined_at': '2019-11-26T22:59:52.790000+00:00', 'flags': 0, 'deaf': False, 'communication_disabled_until': None, 'avatar': None}, 'id': '1035373131864477807', 'flags': 0, 'embeds': [], 'edited_timestamp': None, 'content': '$hello', 'components': [], 'channel_id': '649021537285832748', 'author': {'username': 'Proton', 'public_flags': 0, 'id': '348904133463375883', 'discriminator': '1407', 'avatar_decoration': None, 'avatar': '092a22e7314187dad60c5b1136b107ef'}, 'attachments': [], 'guild_id': '649021537285832745'}}
[2022-10-27 22:03:11] [DEBUG   ] discord.client: Dispatching event socket_event_type
[2022-10-27 22:03:11] [DEBUG   ] discord.client: Dispatching event message
[2022-10-27 22:03:39] [DEBUG   ] discord.client: on_ready has successfully been registered as an event
[2022-10-27 22:03:39] [INFO    ] discord.client: logging in using static token
[2022-10-27 22:03:39] [DEBUG   ] discord.gateway: Created websocket connected to wss://gateway.discord.gg/
[2022-10-27 22:03:39] [DEBUG   ] discord.gateway: For Shard ID None: WebSocket Event: {'t': None, 's': None, 'op': 10, 'd': {'heartbeat_interval': 41250, '_trace': ['["gateway-prd-us-east1-b-t931",{"micros":0.0}]']}}
[2022-10-27 22:03:39] [DEBUG   ] discord.gateway: Shard ID None has sent the IDENTIFY payload.
[2022-10-27 22:03:39] [DEBUG   ] discord.gateway: For Shard ID None: WebSocket Event: {'t': None, 's': None, 'op': 11, 'd': None}
[2022-10-27 22:03:39] [DEBUG   ] discord.gateway: For Shard ID None: WebSocket Event: {'t': 'READY', 's': 1, 'op': 0, 'd': {'v': 10, 'user_settings': {}, 'user': {'verified': True, 'username': 'Unicron', 'mfa_enabled': False, 'id': '1035362429758083072', 'flags': 0, 'email': None, 'discriminator': '8406', 'bot': True, 'avatar': '3a4423cca25b55b4c6e2ae84e06801e3'}, 'session_type': 'normal', 'session_id': '9044b9de33f211f985445d31071424da', 'resume_gateway_url': 'wss://gateway-us-east1-b.discord.gg', 'relationships': [], 'private_channels': [], 'presences': [], 'guilds': [{'unavailable': True, 'id': '649021537285832745'}], 'guild_join_requests': [], 'geo_ordered_rtc_regions': ['newark', 'us-east', 'us-central', 'atlanta', 'us-south'], 'application': {'id': '1035362429758083072', 'flags': 565248}, '_trace': ['["gateway-prd-us-east1-b-t931",{"micros":78973,"calls":["id_created",{"micros":840,"calls":[]},"session_lookup_time",{"micros":382,"calls":[]},"session_lookup_finished",{"micros":12,"calls":[]},"discord-sessions-green-prd-2-183",{"micros":76512,"calls":["start_session",{"micros":35378,"calls":["discord-api-68b896f74-8pqzh",{"micros":31286,"calls":["get_user",{"micros":10556},"get_guilds",{"micros":3666},"send_scheduled_deletion_message",{"micros":8},"guild_join_requests",{"micros":113},"authorized_ip_coro",{"micros":10}]}]},"starting_guild_connect",{"micros":53,"calls":[]},"presence_started",{"micros":354,"calls":[]},"guilds_started",{"micros":68,"calls":[]},"guilds_connect",{"micros":1,"calls":[]},"presence_connect",{"micros":40603,"calls":[]},"connect_finished",{"micros":40608,"calls":[]},"build_ready",{"micros":25,"calls":[]},"optimize_ready",{"micros":0,"calls":[]},"split_ready",{"micros":1,"calls":[]},"clean_ready",{"micros":24,"calls":[]}]}]}]']}}
[2022-10-27 22:03:39] [DEBUG   ] discord.client: Dispatching event socket_event_type
[2022-10-27 22:03:39] [INFO    ] discord.gateway: Shard ID None has connected to Gateway (Session ID: 9044b9de33f211f985445d31071424da).
[2022-10-27 22:03:39] [DEBUG   ] discord.client: Dispatching event connect
[2022-10-27 22:03:39] [DEBUG   ] discord.gateway: For Shard ID None: WebSocket Event: {'t': 'GUILD_CREATE', 's': 2, 'op': 0, 'd': {'joined_at': '2022-10-28T01:31:09.053149+00:00', 'hub_type': None, 'banner': None, 'rules_channel_id': None, 'region': 'deprecated', 'member_count': 3, 'afk_timeout': 300, 'embedded_activities': [], 'guild_scheduled_events': [], 'stage_instances': [], 'premium_subscription_count': 0, 'voice_states': [], 'system_channel_id': '649021537285832748', 'mfa_level': 0, 'id': '649021537285832745', 'verification_level': 0, 'max_video_channel_users': 25, 'application_id': None, 'members': [{'user': {'username': 'Unicron', 'public_flags': 0, 'id': '1035362429758083072', 'discriminator': '8406', 'bot': True, 'avatar': '3a4423cca25b55b4c6e2ae84e06801e3'}, 'roles': ['1035365070428983320'], 'premium_since': None, 'pending': False, 'nick': None, 'mute': False, 'joined_at': '2022-10-28T01:31:09.053149+00:00', 'flags': 0, 'deaf': False, 'communication_disabled_until': None, 'avatar': None}], 'lazy': True, 'max_stage_video_channel_users': 0, 'default_message_notifications': 0, 'afk_channel_id': None, 'icon': None, 'emojis': [{'version': 0, 'roles': [], 'require_colons': True, 'name': 'emoji_1', 'managed': False, 'id': '649084558184284171', 'available': True, 'animated': False}], 'stickers': [], 'public_updates_channel_id': None, 'threads': [], 'premium_progress_bar_enabled': False, 'premium_tier': 0, 'owner_id': '348904133463375883', 'large': False, 'description': None, 'application_command_counts': {}, 'features': [], 'roles': [{'version': 0, 'unicode_emoji': None, 'tags': {}, 'position': 0, 'permissions': '1071698665025', 'name': '@everyone', 'mentionable': False, 'managed': False, 'id': '649021537285832745', 'icon': None, 'hoist': False, 'flags': 0, 'color': 0}, {'version': 1666616870340, 'unicode_emoji': None, 'tags': {'bot_id': '1033935029354647612'}, 'position': 1, 'permissions': '4398046511095', 'name': 'Test_bot', 'mentionable': False, 'managed': True, 'id': '1033936704924561442', 'icon': None, 'hoist': False, 'flags': 0, 'color': 0}, {'version': 1666921948328, 'unicode_emoji': None, 'tags': {'bot_id': '1035362429758083072'}, 'position': 1, 'permissions': '2419584080', 'name': 'Unicron', 'mentionable': False, 'managed': True, 'id': '1035365070428983320', 'icon': None, 'hoist': False, 'flags': 0, 'color': 0}], 'explicit_content_filter': 0, 'presences': [], 'nsfw_level': 0, 'max_members': 250000, 'splash': None, 'preferred_locale': 'en-US', 'vanity_url_code': None, 'nsfw': False, 'unavailable': False, 'system_channel_flags': 0, 'name': 'test', 'channels': [{'version': 0, 'type': 4, 'position': 0, 'permission_overwrites': [], 'name': 'Text Channels', 'id': '649021537285832746', 'flags': 0}, {'version': 0, 'type': 4, 'position': 0, 'permission_overwrites': [], 'name': 'Voice Channels', 'id': '649021537285832747', 'flags': 0}, {'version': 0, 'type': 0, 'topic': None, 'rate_limit_per_user': 0, 'position': 0, 'permission_overwrites': [], 'parent_id': '649021537285832746', 'name': 'general', 'last_message_id': '1035373131864477807', 'id': '649021537285832748', 'flags': 0}, {'version': 0, 'user_limit': 0, 'type': 2, 'rtc_region': None, 'rate_limit_per_user': 0, 'position': 0, 'permission_overwrites': [], 'parent_id': '649021537285832747', 'name': 'General', 'last_message_id': None, 'id': '649021537290027008', 'flags': 0, 'bitrate': 64000}, {'version': 0, 'type': 4, 'position': 1, 'permission_overwrites': [], 'name': 'Pizza', 'id': '1017219314727796816', 'flags': 0}, {'version': 0, 'type': 0, 'topic': None, 'rate_limit_per_user': 0, 'position': 1, 'permission_overwrites': [], 'parent_id': '1017219314727796816', 'name': 'testr', 'last_message_id': None, 'id': '1017219456168103986', 'flags': 0}], 'guild_hashes': {'version': 1, 'roles': {'omitted': False, 'hash': 'XPjlYg'}, 'metadata': {'omitted': False, 'hash': 'BTiy8Q'}, 'channels': {'omitted': False, 'hash': '6Ck93w'}}, 'discovery_splash': None}}
[2022-10-27 22:03:39] [DEBUG   ] discord.client: Dispatching event socket_event_type
[2022-10-27 22:03:39] [DEBUG   ] discord.client: Dispatching event guild_available
[2022-10-27 22:03:41] [DEBUG   ] discord.client: Dispatching event ready
[2022-10-27 22:03:46] [DEBUG   ] discord.gateway: For Shard ID None: WebSocket Event: {'t': 'MESSAGE_CREATE', 's': 3, 'op': 0, 'd': {'type': 0, 'tts': False, 'timestamp': '2022-10-28T02:03:45.852000+00:00', 'referenced_message': None, 'pinned': False, 'nonce': '1035373278522245120', 'mentions': [], 'mention_roles': [], 'mention_everyone': False, 'member': {'roles': [], 'premium_since': None, 'pending': False, 'nick': None, 'mute': False, 'joined_at': '2019-11-26T22:59:52.790000+00:00', 'flags': 0, 'deaf': False, 'communication_disabled_until': None, 'avatar': None}, 'id': '1035373278300217384', 'flags': 0, 'embeds': [], 'edited_timestamp': None, 'content': '$hello', 'components': [], 'channel_id': '649021537285832748', 'author': {'username': 'Proton', 'public_flags': 0, 'id': '348904133463375883', 'discriminator': '1407', 'avatar_decoration': None, 'avatar': '092a22e7314187dad60c5b1136b107ef'}, 'attachments': [], 'guild_id': '649021537285832745'}}
[2022-10-27 22:03:46] [DEBUG   ] discord.client: Dispatching event socket_event_type
[2022-10-27 22:03:46] [DEBUG   ] discord.client: Dispatching event message
[2022-10-27 22:04:01] [DEBUG   ] discord.client: on_ready has successfully been registered as an event
[2022-10-27 22:04:01] [INFO    ] discord.client: logging in using static token
[2022-10-27 22:04:01] [DEBUG   ] discord.gateway: Created websocket connected to wss://gateway.discord.gg/
[2022-10-27 22:04:01] [DEBUG   ] discord.gateway: For Shard ID None: WebSocket Event: {'t': None, 's': None, 'op': 10, 'd': {'heartbeat_interval': 41250, '_trace': ['["gateway-prd-us-east1-b-s7km",{"micros":0.0}]']}}
[2022-10-27 22:04:01] [DEBUG   ] discord.gateway: Shard ID None has sent the IDENTIFY payload.
[2022-10-27 22:04:01] [DEBUG   ] discord.gateway: For Shard ID None: WebSocket Event: {'t': None, 's': None, 'op': 11, 'd': None}
[2022-10-27 22:04:01] [DEBUG   ] discord.gateway: For Shard ID None: WebSocket Event: {'t': 'READY', 's': 1, 'op': 0, 'd': {'v': 10, 'user_settings': {}, 'user': {'verified': True, 'username': 'Unicron', 'mfa_enabled': False, 'id': '1035362429758083072', 'flags': 0, 'email': None, 'discriminator': '8406', 'bot': True, 'avatar': '3a4423cca25b55b4c6e2ae84e06801e3'}, 'session_type': 'normal', 'session_id': '143427f906c448f0d9655679a948a7e0', 'resume_gateway_url': 'wss://gateway-us-east1-b.discord.gg', 'relationships': [], 'private_channels': [], 'presences': [], 'guilds': [{'unavailable': True, 'id': '649021537285832745'}], 'guild_join_requests': [], 'geo_ordered_rtc_regions': ['newark', 'us-east', 'us-central', 'atlanta', 'us-south'], 'application': {'id': '1035362429758083072', 'flags': 565248}, '_trace': ['["gateway-prd-us-east1-b-s7km",{"micros":84005,"calls":["id_created",{"micros":810,"calls":[]},"session_lookup_time",{"micros":381,"calls":[]},"session_lookup_finished",{"micros":17,"calls":[]},"discord-sessions-green-prd-2-59",{"micros":82077,"calls":["start_session",{"micros":79989,"calls":["discord-api-68b896f74-v9wsf",{"micros":70341,"calls":["get_user",{"micros":21301},"get_guilds",{"micros":10332},"send_scheduled_deletion_message",{"micros":12},"guild_join_requests",{"micros":3},"authorized_ip_coro",{"micros":15}]}]},"starting_guild_connect",{"micros":70,"calls":[]},"presence_started",{"micros":277,"calls":[]},"guilds_started",{"micros":92,"calls":[]},"guilds_connect",{"micros":1,"calls":[]},"presence_connect",{"micros":1602,"calls":[]},"connect_finished",{"micros":1606,"calls":[]},"build_ready",{"micros":17,"calls":[]},"optimize_ready",{"micros":0,"calls":[]},"split_ready",{"micros":23,"calls":[]},"clean_ready",{"micros":1,"calls":[]}]}]}]']}}
[2022-10-27 22:04:01] [DEBUG   ] discord.client: Dispatching event socket_event_type
[2022-10-27 22:04:01] [INFO    ] discord.gateway: Shard ID None has connected to Gateway (Session ID: 143427f906c448f0d9655679a948a7e0).
[2022-10-27 22:04:01] [DEBUG   ] discord.client: Dispatching event connect
[2022-10-27 22:04:01] [DEBUG   ] discord.gateway: For Shard ID None: WebSocket Event: {'t': 'GUILD_CREATE', 's': 2, 'op': 0, 'd': {'max_stage_video_channel_users': 0, 'afk_channel_id': None, 'embedded_activities': [], 'lazy': True, 'public_updates_channel_id': None, 'max_members': 250000, 'application_command_counts': {}, 'default_message_notifications': 0, 'stickers': [], 'owner_id': '348904133463375883', 'region': 'deprecated', 'afk_timeout': 300, 'nsfw_level': 0, 'vanity_url_code': None, 'max_video_channel_users': 25, 'banner': None, 'joined_at': '2022-10-28T01:31:09.053149+00:00', 'premium_tier': 0, 'id': '649021537285832745', 'rules_channel_id': None, 'verification_level': 0, 'stage_instances': [], 'voice_states': [], 'hub_type': None, 'discovery_splash': None, 'application_id': None, 'preferred_locale': 'en-US', 'threads': [], 'emojis': [{'version': 0, 'roles': [], 'require_colons': True, 'name': 'emoji_1', 'managed': False, 'id': '649084558184284171', 'available': True, 'animated': False}], 'splash': None, 'nsfw': False, 'presences': [], 'description': None, 'member_count': 3, 'premium_subscription_count': 0, 'large': False, 'members': [{'user': {'username': 'Unicron', 'public_flags': 0, 'id': '1035362429758083072', 'discriminator': '8406', 'bot': True, 'avatar': '3a4423cca25b55b4c6e2ae84e06801e3'}, 'roles': ['1035365070428983320'], 'premium_since': None, 'pending': False, 'nick': None, 'mute': False, 'joined_at': '2022-10-28T01:31:09.053149+00:00', 'flags': 0, 'deaf': False, 'communication_disabled_until': None, 'avatar': None}], 'guild_scheduled_events': [], 'icon': None, 'roles': [{'version': 0, 'unicode_emoji': None, 'tags': {}, 'position': 0, 'permissions': '1071698665025', 'name': '@everyone', 'mentionable': False, 'managed': False, 'id': '649021537285832745', 'icon': None, 'hoist': False, 'flags': 0, 'color': 0}, {'version': 1666616870340, 'unicode_emoji': None, 'tags': {'bot_id': '1033935029354647612'}, 'position': 1, 'permissions': '4398046511095', 'name': 'Test_bot', 'mentionable': False, 'managed': True, 'id': '1033936704924561442', 'icon': None, 'hoist': False, 'flags': 0, 'color': 0}, {'version': 1666921948328, 'unicode_emoji': None, 'tags': {'bot_id': '1035362429758083072'}, 'position': 1, 'permissions': '2419584080', 'name': 'Unicron', 'mentionable': False, 'managed': True, 'id': '1035365070428983320', 'icon': None, 'hoist': False, 'flags': 0, 'color': 0}], 'premium_progress_bar_enabled': False, 'explicit_content_filter': 0, 'name': 'test', 'system_channel_id': '649021537285832748', 'guild_hashes': {'version': 1, 'roles': {'omitted': False, 'hash': 'XPjlYg'}, 'metadata': {'omitted': False, 'hash': 'BTiy8Q'}, 'channels': {'omitted': False, 'hash': '6Ck93w'}}, 'unavailable': False, 'channels': [{'version': 0, 'type': 4, 'position': 0, 'permission_overwrites': [], 'name': 'Text Channels', 'id': '649021537285832746', 'flags': 0}, {'version': 0, 'type': 4, 'position': 0, 'permission_overwrites': [], 'name': 'Voice Channels', 'id': '649021537285832747', 'flags': 0}, {'version': 0, 'type': 0, 'topic': None, 'rate_limit_per_user': 0, 'position': 0, 'permission_overwrites': [], 'parent_id': '649021537285832746', 'name': 'general', 'last_message_id': '1035373278300217384', 'id': '649021537285832748', 'flags': 0}, {'version': 0, 'user_limit': 0, 'type': 2, 'rtc_region': None, 'rate_limit_per_user': 0, 'position': 0, 'permission_overwrites': [], 'parent_id': '649021537285832747', 'name': 'General', 'last_message_id': None, 'id': '649021537290027008', 'flags': 0, 'bitrate': 64000}, {'version': 0, 'type': 4, 'position': 1, 'permission_overwrites': [], 'name': 'Pizza', 'id': '1017219314727796816', 'flags': 0}, {'version': 0, 'type': 0, 'topic': None, 'rate_limit_per_user': 0, 'position': 1, 'permission_overwrites': [], 'parent_id': '1017219314727796816', 'name': 'testr', 'last_message_id': None, 'id': '1017219456168103986', 'flags': 0}], 'system_channel_flags': 0, 'features': [], 'mfa_level': 0}}
[2022-10-27 22:04:01] [DEBUG   ] discord.client: Dispatching event socket_event_type
[2022-10-27 22:04:01] [DEBUG   ] discord.client: Dispatching event guild_available
[2022-10-27 22:04:03] [DEBUG   ] discord.client: Dispatching event ready
[2022-10-27 22:04:06] [DEBUG   ] discord.gateway: For Shard ID None: WebSocket Event: {'t': 'MESSAGE_CREATE', 's': 3, 'op': 0, 'd': {'type': 0, 'tts': False, 'timestamp': '2022-10-28T02:04:06.146000+00:00', 'referenced_message': None, 'pinned': False, 'nonce': '1035373363662422016', 'mentions': [], 'mention_roles': [], 'mention_everyone': False, 'member': {'roles': [], 'premium_since': None, 'pending': False, 'nick': None, 'mute': False, 'joined_at': '2019-11-26T22:59:52.790000+00:00', 'flags': 0, 'deaf': False, 'communication_disabled_until': None, 'avatar': None}, 'id': '1035373363419418724', 'flags': 0, 'embeds': [], 'edited_timestamp': None, 'content': '$hello', 'components': [], 'channel_id': '649021537285832748', 'author': {'username': 'Proton', 'public_flags': 0, 'id': '348904133463375883', 'discriminator': '1407', 'avatar_decoration': None, 'avatar': '092a22e7314187dad60c5b1136b107ef'}, 'attachments': [], 'guild_id': '649021537285832745'}}
[2022-10-27 22:04:06] [DEBUG   ] discord.client: Dispatching event socket_event_type
[2022-10-27 22:04:06] [DEBUG   ] discord.client: Dispatching event message
[2022-10-27 22:04:43] [DEBUG   ] discord.gateway: Keeping shard ID None websocket alive with sequence 3.
[2022-10-27 22:04:43] [DEBUG   ] discord.gateway: For Shard ID None: WebSocket Event: {'t': None, 's': None, 'op': 11, 'd': None}
[2022-10-27 22:05:24] [DEBUG   ] discord.gateway: Keeping shard ID None websocket alive with sequence 3.
[2022-10-27 22:05:24] [DEBUG   ] discord.gateway: For Shard ID None: WebSocket Event: {'t': None, 's': None, 'op': 11, 'd': None}
[2022-10-27 22:06:01] [DEBUG   ] discord.client: on_ready has successfully been registered as an event
[2022-10-27 22:06:01] [DEBUG   ] discord.client: on_message has successfully been registered as an event
[2022-10-27 22:06:01] [INFO    ] discord.client: logging in using static token
[2022-10-27 22:06:01] [DEBUG   ] discord.gateway: Created websocket connected to wss://gateway.discord.gg/
[2022-10-27 22:06:01] [DEBUG   ] discord.gateway: For Shard ID None: WebSocket Event: {'t': None, 's': None, 'op': 10, 'd': {'heartbeat_interval': 41250, '_trace': ['["gateway-prd-us-east1-b-x9xf",{"micros":0.0}]']}}
[2022-10-27 22:06:01] [DEBUG   ] discord.gateway: Shard ID None has sent the IDENTIFY payload.
[2022-10-27 22:06:01] [DEBUG   ] discord.gateway: For Shard ID None: WebSocket Event: {'t': None, 's': None, 'op': 11, 'd': None}
[2022-10-27 22:06:01] [DEBUG   ] discord.gateway: For Shard ID None: WebSocket Event: {'t': 'READY', 's': 1, 'op': 0, 'd': {'v': 10, 'user_settings': {}, 'user': {'verified': True, 'username': 'Unicron', 'mfa_enabled': False, 'id': '1035362429758083072', 'flags': 0, 'email': None, 'discriminator': '8406', 'bot': True, 'avatar': '3a4423cca25b55b4c6e2ae84e06801e3'}, 'session_type': 'normal', 'session_id': '6d9cd1b0ea1023a6d1429e711946ab54', 'resume_gateway_url': 'wss://gateway-us-east1-b.discord.gg', 'relationships': [], 'private_channels': [], 'presences': [], 'guilds': [{'unavailable': True, 'id': '649021537285832745'}], 'guild_join_requests': [], 'geo_ordered_rtc_regions': ['newark', 'us-east', 'us-central', 'atlanta', 'us-south'], 'application': {'id': '1035362429758083072', 'flags': 565248}, '_trace': ['["gateway-prd-us-east1-b-x9xf",{"micros":120662,"calls":["id_created",{"micros":800,"calls":[]},"session_lookup_time",{"micros":312,"calls":[]},"session_lookup_finished",{"micros":45,"calls":[]},"discord-sessions-green-prd-2-89",{"micros":118364,"calls":["start_session",{"micros":79511,"calls":["discord-api-68b896f74-zcbdl",{"micros":74357,"calls":["get_user",{"micros":16371},"get_guilds",{"micros":4239},"send_scheduled_deletion_message",{"micros":12},"guild_join_requests",{"micros":3072},"authorized_ip_coro",{"micros":14}]}]},"starting_guild_connect",{"micros":55,"calls":[]},"presence_started",{"micros":31786,"calls":[]},"guilds_started",{"micros":97,"calls":[]},"guilds_connect",{"micros":1,"calls":[]},"presence_connect",{"micros":6857,"calls":[]},"connect_finished",{"micros":6863,"calls":[]},"build_ready",{"micros":23,"calls":[]},"optimize_ready",{"micros":1,"calls":[]},"split_ready",{"micros":26,"calls":[]},"clean_ready",{"micros":1,"calls":[]}]}]}]']}}
[2022-10-27 22:06:01] [DEBUG   ] discord.client: Dispatching event socket_event_type
[2022-10-27 22:06:01] [INFO    ] discord.gateway: Shard ID None has connected to Gateway (Session ID: 6d9cd1b0ea1023a6d1429e711946ab54).
[2022-10-27 22:06:01] [DEBUG   ] discord.client: Dispatching event connect
[2022-10-27 22:06:01] [DEBUG   ] discord.gateway: For Shard ID None: WebSocket Event: {'t': 'GUILD_CREATE', 's': 2, 'op': 0, 'd': {'guild_hashes': {'version': 1, 'roles': {'omitted': False, 'hash': 'XPjlYg'}, 'metadata': {'omitted': False, 'hash': 'BTiy8Q'}, 'channels': {'omitted': False, 'hash': '6Ck93w'}}, 'stickers': [], 'explicit_content_filter': 0, 'large': False, 'max_video_channel_users': 25, 'max_stage_video_channel_users': 0, 'channels': [{'version': 0, 'type': 4, 'position': 0, 'permission_overwrites': [], 'name': 'Text Channels', 'id': '649021537285832746', 'flags': 0}, {'version': 0, 'type': 4, 'position': 0, 'permission_overwrites': [], 'name': 'Voice Channels', 'id': '649021537285832747', 'flags': 0}, {'version': 0, 'type': 0, 'topic': None, 'rate_limit_per_user': 0, 'position': 0, 'permission_overwrites': [], 'parent_id': '649021537285832746', 'name': 'general', 'last_message_id': '1035373363419418724', 'id': '649021537285832748', 'flags': 0}, {'version': 0, 'user_limit': 0, 'type': 2, 'rtc_region': None, 'rate_limit_per_user': 0, 'position': 0, 'permission_overwrites': [], 'parent_id': '649021537285832747', 'name': 'General', 'last_message_id': None, 'id': '649021537290027008', 'flags': 0, 'bitrate': 64000}, {'version': 0, 'type': 4, 'position': 1, 'permission_overwrites': [], 'name': 'Pizza', 'id': '1017219314727796816', 'flags': 0}, {'version': 0, 'type': 0, 'topic': None, 'rate_limit_per_user': 0, 'position': 1, 'permission_overwrites': [], 'parent_id': '1017219314727796816', 'name': 'testr', 'last_message_id': None, 'id': '1017219456168103986', 'flags': 0}], 'preferred_locale': 'en-US', 'member_count': 3, 'premium_tier': 0, 'verification_level': 0, 'max_members': 250000, 'members': [{'user': {'username': 'Unicron', 'public_flags': 0, 'id': '1035362429758083072', 'discriminator': '8406', 'bot': True, 'avatar': '3a4423cca25b55b4c6e2ae84e06801e3'}, 'roles': ['1035365070428983320'], 'premium_since': None, 'pending': False, 'nick': None, 'mute': False, 'joined_at': '2022-10-28T01:31:09.053149+00:00', 'flags': 0, 'deaf': False, 'communication_disabled_until': None, 'avatar': None}], 'features': [], 'id': '649021537285832745', 'icon': None, 'emojis': [{'version': 0, 'roles': [], 'require_colons': True, 'name': 'emoji_1', 'managed': False, 'id': '649084558184284171', 'available': True, 'animated': False}], 'nsfw_level': 0, 'splash': None, 'vanity_url_code': None, 'premium_subscription_count': 0, 'afk_timeout': 300, 'voice_states': [], 'premium_progress_bar_enabled': False, 'public_updates_channel_id': None, 'afk_channel_id': None, 'threads': [], 'region': 'deprecated', 'system_channel_flags': 0, 'presences': [], 'description': None, 'joined_at': '2022-10-28T01:31:09.053149+00:00', 'application_command_counts': {}, 'nsfw': False, 'lazy': True, 'discovery_splash': None, 'hub_type': None, 'unavailable': False, 'mfa_level': 0, 'owner_id': '348904133463375883', 'system_channel_id': '649021537285832748', 'default_message_notifications': 0, 'roles': [{'version': 0, 'unicode_emoji': None, 'tags': {}, 'position': 0, 'permissions': '1071698665025', 'name': '@everyone', 'mentionable': False, 'managed': False, 'id': '649021537285832745', 'icon': None, 'hoist': False, 'flags': 0, 'color': 0}, {'version': 1666616870340, 'unicode_emoji': None, 'tags': {'bot_id': '1033935029354647612'}, 'position': 1, 'permissions': '4398046511095', 'name': 'Test_bot', 'mentionable': False, 'managed': True, 'id': '1033936704924561442', 'icon': None, 'hoist': False, 'flags': 0, 'color': 0}, {'version': 1666921948328, 'unicode_emoji': None, 'tags': {'bot_id': '1035362429758083072'}, 'position': 1, 'permissions': '2419584080', 'name': 'Unicron', 'mentionable': False, 'managed': True, 'id': '1035365070428983320', 'icon': None, 'hoist': False, 'flags': 0, 'color': 0}], 'application_id': None, 'banner': None, 'name': 'test', 'stage_instances': [], 'embedded_activities': [], 'rules_channel_id': None, 'guild_scheduled_events': []}}
[2022-10-27 22:06:01] [DEBUG   ] discord.client: Dispatching event socket_event_type
[2022-10-27 22:06:01] [DEBUG   ] discord.client: Dispatching event guild_available
[2022-10-27 22:06:03] [DEBUG   ] discord.client: Dispatching event ready
[2022-10-27 22:06:07] [DEBUG   ] discord.gateway: For Shard ID None: WebSocket Event: {'t': 'TYPING_START', 's': 3, 'op': 0, 'd': {'user_id': '348904133463375883', 'timestamp': 1666922766, 'member': {'user': {'username': 'Proton', 'public_flags': 0, 'id': '348904133463375883', 'discriminator': '1407', 'bot': False, 'avatar': '092a22e7314187dad60c5b1136b107ef'}, 'roles': [], 'premium_since': None, 'pending': False, 'nick': None, 'mute': False, 'joined_at': '2019-11-26T22:59:52.790000+00:00', 'flags': 0, 'deaf': False, 'communication_disabled_until': None, 'avatar': None}, 'channel_id': '649021537285832748', 'guild_id': '649021537285832745'}}
[2022-10-27 22:06:07] [DEBUG   ] discord.client: Dispatching event socket_event_type
[2022-10-27 22:06:07] [DEBUG   ] discord.client: Dispatching event typing
[2022-10-27 22:06:07] [DEBUG   ] discord.client: Dispatching event raw_typing
[2022-10-27 22:06:08] [DEBUG   ] discord.gateway: For Shard ID None: WebSocket Event: {'t': 'MESSAGE_CREATE', 's': 4, 'op': 0, 'd': {'type': 0, 'tts': False, 'timestamp': '2022-10-28T02:06:08.185000+00:00', 'referenced_message': None, 'pinned': False, 'nonce': '1035373875438813184', 'mentions': [], 'mention_roles': [], 'mention_everyone': False, 'member': {'roles': [], 'premium_since': None, 'pending': False, 'nick': None, 'mute': False, 'joined_at': '2019-11-26T22:59:52.790000+00:00', 'flags': 0, 'deaf': False, 'communication_disabled_until': None, 'avatar': None}, 'id': '1035373875288088626', 'flags': 0, 'embeds': [], 'edited_timestamp': None, 'content': '&&&hello', 'components': [], 'channel_id': '649021537285832748', 'author': {'username': 'Proton', 'public_flags': 0, 'id': '348904133463375883', 'discriminator': '1407', 'avatar_decoration': None, 'avatar': '092a22e7314187dad60c5b1136b107ef'}, 'attachments': [], 'guild_id': '649021537285832745'}}
[2022-10-27 22:06:08] [DEBUG   ] discord.client: Dispatching event socket_event_type
[2022-10-27 22:06:08] [DEBUG   ] discord.client: Dispatching event message
[2022-10-27 22:06:08] [DEBUG   ] discord.gateway: For Shard ID None: WebSocket Event: {'t': 'MESSAGE_CREATE', 's': 5, 'op': 0, 'd': {'type': 0, 'tts': False, 'timestamp': '2022-10-28T02:06:08.319000+00:00', 'referenced_message': None, 'pinned': False, 'mentions': [], 'mention_roles': [], 'mention_everyone': False, 'member': {'roles': ['1035365070428983320'], 'premium_since': None, 'pending': False, 'nick': None, 'mute': False, 'joined_at': '2022-10-28T01:31:09.053149+00:00', 'flags': 0, 'deaf': False, 'communication_disabled_until': None, 'avatar': None}, 'id': '1035373875850117171', 'flags': 0, 'embeds': [], 'edited_timestamp': None, 'content': 'Hello!', 'components': [], 'channel_id': '649021537285832748', 'author': {'username': 'Unicron', 'public_flags': 0, 'id': '1035362429758083072', 'discriminator': '8406', 'bot': True, 'avatar_decoration': None, 'avatar': '3a4423cca25b55b4c6e2ae84e06801e3'}, 'attachments': [], 'guild_id': '649021537285832745'}}
[2022-10-27 22:06:08] [DEBUG   ] discord.client: Dispatching event socket_event_type
[2022-10-27 22:06:08] [DEBUG   ] discord.client: Dispatching event message
[2022-10-27 22:06:42] [DEBUG   ] discord.gateway: Keeping shard ID None websocket alive with sequence 5.
[2022-10-27 22:06:42] [DEBUG   ] discord.gateway: For Shard ID None: WebSocket Event: {'t': None, 's': None, 'op': 11, 'd': None}
[2022-10-27 22:07:23] [DEBUG   ] discord.gateway: Keeping shard ID None websocket alive with sequence 5.
[2022-10-27 22:07:24] [DEBUG   ] discord.gateway: For Shard ID None: WebSocket Event: {'t': None, 's': None, 'op': 11, 'd': None}
[2022-10-27 22:08:05] [DEBUG   ] discord.gateway: Keeping shard ID None websocket alive with sequence 5.
[2022-10-27 22:08:05] [DEBUG   ] discord.gateway: For Shard ID None: WebSocket Event: {'t': None, 's': None, 'op': 11, 'd': None}
[2022-10-27 22:08:32] [DEBUG   ] discord.client: on_ready has successfully been registered as an event
[2022-10-27 22:08:32] [DEBUG   ] discord.client: on_message has successfully been registered as an event
[2022-10-27 22:08:32] [INFO    ] discord.client: logging in using static token
[2022-10-27 22:08:32] [DEBUG   ] discord.gateway: Created websocket connected to wss://gateway.discord.gg/
[2022-10-27 22:08:32] [DEBUG   ] discord.gateway: For Shard ID None: WebSocket Event: {'t': None, 's': None, 'op': 10, 'd': {'heartbeat_interval': 41250, '_trace': ['["gateway-prd-us-east1-b-5w49",{"micros":0.0}]']}}
[2022-10-27 22:08:32] [DEBUG   ] discord.gateway: Shard ID None has sent the IDENTIFY payload.
[2022-10-27 22:08:32] [DEBUG   ] discord.gateway: For Shard ID None: WebSocket Event: {'t': None, 's': None, 'op': 11, 'd': None}
[2022-10-27 22:08:32] [DEBUG   ] discord.gateway: For Shard ID None: WebSocket Event: {'t': 'READY', 's': 1, 'op': 0, 'd': {'v': 10, 'user_settings': {}, 'user': {'verified': True, 'username': 'Unicron', 'mfa_enabled': False, 'id': '1035362429758083072', 'flags': 0, 'email': None, 'discriminator': '8406', 'bot': True, 'avatar': '3a4423cca25b55b4c6e2ae84e06801e3'}, 'session_type': 'normal', 'session_id': 'e7268353012b13a4927e3a093013f996', 'resume_gateway_url': 'wss://gateway-us-east1-b.discord.gg', 'relationships': [], 'private_channels': [], 'presences': [], 'guilds': [{'unavailable': True, 'id': '649021537285832745'}], 'guild_join_requests': [], 'geo_ordered_rtc_regions': ['newark', 'us-east', 'us-central', 'atlanta', 'us-south'], 'application': {'id': '1035362429758083072', 'flags': 565248}, '_trace': ['["gateway-prd-us-east1-b-5w49",{"micros":85476,"calls":["id_created",{"micros":623,"calls":[]},"session_lookup_time",{"micros":837,"calls":[]},"session_lookup_finished",{"micros":11,"calls":[]},"discord-sessions-green-prd-2-139",{"micros":82318,"calls":["start_session",{"micros":72199,"calls":["discord-api-68b896f74-gkdh7",{"micros":66874,"calls":["get_user",{"micros":15133},"get_guilds",{"micros":6107},"send_scheduled_deletion_message",{"micros":15},"guild_join_requests",{"micros":2},"authorized_ip_coro",{"micros":12}]}]},"starting_guild_connect",{"micros":57,"calls":[]},"presence_started",{"micros":275,"calls":[]},"guilds_started",{"micros":82,"calls":[]},"guilds_connect",{"micros":2,"calls":[]},"presence_connect",{"micros":9655,"calls":[]},"connect_finished",{"micros":9660,"calls":[]},"build_ready",{"micros":19,"calls":[]},"optimize_ready",{"micros":0,"calls":[]},"split_ready",{"micros":1,"calls":[]},"clean_ready",{"micros":23,"calls":[]}]}]}]']}}
[2022-10-27 22:08:32] [DEBUG   ] discord.client: Dispatching event socket_event_type
[2022-10-27 22:08:32] [INFO    ] discord.gateway: Shard ID None has connected to Gateway (Session ID: e7268353012b13a4927e3a093013f996).
[2022-10-27 22:08:32] [DEBUG   ] discord.client: Dispatching event connect
[2022-10-27 22:08:32] [DEBUG   ] discord.gateway: For Shard ID None: WebSocket Event: {'t': 'GUILD_CREATE', 's': 2, 'op': 0, 'd': {'preferred_locale': 'en-US', 'system_channel_flags': 0, 'unavailable': False, 'public_updates_channel_id': None, 'banner': None, 'mfa_level': 0, 'application_command_counts': {}, 'region': 'deprecated', 'rules_channel_id': None, 'guild_scheduled_events': [], 'emojis': [{'version': 0, 'roles': [], 'require_colons': True, 'name': 'emoji_1', 'managed': False, 'id': '649084558184284171', 'available': True, 'animated': False}], 'nsfw': False, 'nsfw_level': 0, 'vanity_url_code': None, 'discovery_splash': None, 'max_members': 250000, 'premium_subscription_count': 0, 'id': '649021537285832745', 'channels': [{'version': 0, 'type': 4, 'position': 0, 'permission_overwrites': [], 'name': 'Text Channels', 'id': '649021537285832746', 'flags': 0}, {'version': 0, 'type': 4, 'position': 0, 'permission_overwrites': [], 'name': 'Voice Channels', 'id': '649021537285832747', 'flags': 0}, {'version': 0, 'type': 0, 'topic': None, 'rate_limit_per_user': 0, 'position': 0, 'permission_overwrites': [], 'parent_id': '649021537285832746', 'name': 'general', 'last_message_id': '1035373875850117171', 'id': '649021537285832748', 'flags': 0}, {'version': 0, 'user_limit': 0, 'type': 2, 'rtc_region': None, 'rate_limit_per_user': 0, 'position': 0, 'permission_overwrites': [], 'parent_id': '649021537285832747', 'name': 'General', 'last_message_id': None, 'id': '649021537290027008', 'flags': 0, 'bitrate': 64000}, {'version': 0, 'type': 4, 'position': 1, 'permission_overwrites': [], 'name': 'Pizza', 'id': '1017219314727796816', 'flags': 0}, {'version': 0, 'type': 0, 'topic': None, 'rate_limit_per_user': 0, 'position': 1, 'permission_overwrites': [], 'parent_id': '1017219314727796816', 'name': 'testr', 'last_message_id': None, 'id': '1017219456168103986', 'flags': 0}], 'member_count': 3, 'explicit_content_filter': 0, 'system_channel_id': '649021537285832748', 'owner_id': '348904133463375883', 'application_id': None, 'premium_tier': 0, 'joined_at': '2022-10-28T01:31:09.053149+00:00', 'premium_progress_bar_enabled': False, 'threads': [], 'splash': None, 'lazy': True, 'max_stage_video_channel_users': 0, 'description': None, 'large': False, 'guild_hashes': {'version': 1, 'roles': {'omitted': False, 'hash': 'XPjlYg'}, 'metadata': {'omitted': False, 'hash': 'BTiy8Q'}, 'channels': {'omitted': False, 'hash': '6Ck93w'}}, 'stage_instances': [], 'embedded_activities': [], 'presences': [{'user': {'id': '348904133463375883'}, 'status': 'online', 'client_status': {'desktop': 'online'}, 'activities': []}, {'user': {'id': '1035362429758083072'}, 'status': 'online', 'client_status': {'web': 'online'}, 'activities': []}], 'default_message_notifications': 0, 'voice_states': [], 'members': [{'user': {'username': 'Proton', 'public_flags': 0, 'id': '348904133463375883', 'discriminator': '1407', 'bot': False, 'avatar': '092a22e7314187dad60c5b1136b107ef'}, 'roles': [], 'premium_since': None, 'pending': False, 'nick': None, 'mute': False, 'joined_at': '2019-11-26T22:59:52.790000+00:00', 'flags': 0, 'deaf': False, 'communication_disabled_until': None, 'avatar': None}, {'user': {'username': 'Test_bot', 'public_flags': 0, 'id': '1033935029354647612', 'discriminator': '9258', 'bot': True, 'avatar': '22d6905753012d1ad6c2fa473cd2a725'}, 'roles': ['1033936704924561442'], 'premium_since': None, 'pending': False, 'nick': None, 'mute': False, 'joined_at': '2022-10-24T02:55:20.161000+00:00', 'flags': 0, 'deaf': False, 'communication_disabled_until': None, 'avatar': None}, {'user': {'username': 'Unicron', 'public_flags': 0, 'id': '1035362429758083072', 'discriminator': '8406', 'bot': True, 'avatar': '3a4423cca25b55b4c6e2ae84e06801e3'}, 'roles': ['1035365070428983320'], 'premium_since': None, 'pending': False, 'nick': None, 'mute': False, 'joined_at': '2022-10-28T01:31:09.053149+00:00', 'flags': 0, 'deaf': False, 'communication_disabled_until': None, 'avatar': None}], 'afk_channel_id': None, 'roles': [{'version': 0, 'unicode_emoji': None, 'tags': {}, 'position': 0, 'permissions': '1071698665025', 'name': '@everyone', 'mentionable': False, 'managed': False, 'id': '649021537285832745', 'icon': None, 'hoist': False, 'flags': 0, 'color': 0}, {'version': 1666616870340, 'unicode_emoji': None, 'tags': {'bot_id': '1033935029354647612'}, 'position': 1, 'permissions': '4398046511095', 'name': 'Test_bot', 'mentionable': False, 'managed': True, 'id': '1033936704924561442', 'icon': None, 'hoist': False, 'flags': 0, 'color': 0}, {'version': 1666921948328, 'unicode_emoji': None, 'tags': {'bot_id': '1035362429758083072'}, 'position': 1, 'permissions': '2419584080', 'name': 'Unicron', 'mentionable': False, 'managed': True, 'id': '1035365070428983320', 'icon': None, 'hoist': False, 'flags': 0, 'color': 0}], 'features': [], 'stickers': [], 'name': 'test', 'verification_level': 0, 'afk_timeout': 300, 'hub_type': None, 'max_video_channel_users': 25, 'icon': None}}
[2022-10-27 22:08:32] [DEBUG   ] discord.client: Dispatching event socket_event_type
[2022-10-27 22:08:32] [DEBUG   ] discord.client: Dispatching event guild_available
[2022-10-27 22:08:34] [DEBUG   ] discord.client: Dispatching event ready
[2022-10-27 22:09:15] [DEBUG   ] discord.client: on_ready has successfully been registered as an event
[2022-10-27 22:09:15] [DEBUG   ] discord.client: on_message has successfully been registered as an event
[2022-10-27 22:09:15] [INFO    ] discord.client: logging in using static token
[2022-10-27 22:09:16] [INFO    ] discord.gateway: Shard ID None has connected to Gateway (Session ID: 234287f38ba24d569d099bfbbab3f4a8).
[2022-10-27 22:14:34] [DEBUG   ] discord.client: on_ready has successfully been registered as an event
[2022-10-27 22:14:34] [DEBUG   ] discord.client: on_message has successfully been registered as an event
[2022-10-27 22:14:34] [INFO    ] discord.client: logging in using static token
[2022-10-27 22:14:36] [INFO    ] discord.gateway: Shard ID None has connected to Gateway (Session ID: d213aa1c98928daab723c7201822021c).
[2022-10-27 22:18:05] [DEBUG   ] discord.client: on_ready has successfully been registered as an event
[2022-10-27 22:18:05] [DEBUG   ] discord.client: on_message has successfully been registered as an event
[2022-10-27 22:18:05] [INFO    ] discord.client: logging in using static token
[2022-10-27 22:18:06] [INFO    ] discord.gateway: Shard ID None has connected to Gateway (Session ID: 854a76ad89c9db4ddd2ec52e55817cdd).
[2022-10-27 22:18:22] [DEBUG   ] discord.client: on_ready has successfully been registered as an event
[2022-10-27 22:18:22] [DEBUG   ] discord.client: on_message has successfully been registered as an event
[2022-10-27 22:18:22] [INFO    ] discord.client: logging in using static token
[2022-10-27 22:18:23] [INFO    ] discord.gateway: Shard ID None has connected to Gateway (Session ID: 8de11f751fca839b38a83b1715b8bed5).
[2022-10-27 22:18:37] [DEBUG   ] discord.client: on_ready has successfully been registered as an event
[2022-10-27 22:18:37] [DEBUG   ] discord.client: on_message has successfully been registered as an event
[2022-10-27 22:18:37] [INFO    ] discord.client: logging in using static token
[2022-10-27 22:18:37] [INFO    ] discord.gateway: Shard ID None has connected to Gateway (Session ID: 31c0f5a0807beb8e715b6390e6ce4116).
[2022-10-27 22:18:55] [DEBUG   ] discord.client: on_ready has successfully been registered as an event
[2022-10-27 22:18:55] [DEBUG   ] discord.client: on_message has successfully been registered as an event
[2022-10-27 22:18:55] [INFO    ] discord.client: logging in using static token
[2022-10-27 22:18:56] [INFO    ] discord.gateway: Shard ID None has connected to Gateway (Session ID: cb5b99ce2f452110140d2a9f0c09822b).
[2022-10-27 22:31:51] [DEBUG   ] discord.client: on_ready has successfully been registered as an event
[2022-10-27 22:31:51] [DEBUG   ] discord.client: on_message has successfully been registered as an event
[2022-10-27 22:33:59] [DEBUG   ] discord.client: on_ready has successfully been registered as an event
[2022-10-27 22:33:59] [DEBUG   ] discord.client: on_message has successfully been registered as an event
[2022-10-27 22:33:59] [INFO    ] discord.client: logging in using static token
[2022-10-27 22:34:00] [INFO    ] discord.gateway: Shard ID None has connected to Gateway (Session ID: a65d68e408a2c4b2fa17d781162406f4).
[2022-10-27 22:34:12] [ERROR   ] discord.ext.commands.bot: Ignoring exception in command None
discord.ext.commands.errors.CommandNotFound: Command "help_command" is not found
[2022-10-29 10:00:41] [DEBUG   ] discord.client: on_ready has successfully been registered as an event
[2022-10-29 10:00:41] [DEBUG   ] discord.client: on_message has successfully been registered as an event
[2022-10-29 10:00:41] [INFO    ] discord.client: logging in using static token
[2022-10-29 10:00:42] [INFO    ] discord.gateway: Shard ID None has connected to Gateway (Session ID: c1bbed2590da19dd924325508995536a).
[2022-10-29 10:04:42] [DEBUG   ] discord.client: on_ready has successfully been registered as an event
[2022-10-29 10:04:42] [DEBUG   ] discord.client: on_message has successfully been registered as an event
[2022-10-29 10:04:42] [INFO    ] discord.client: logging in using static token
[2022-10-29 10:04:42] [INFO    ] discord.gateway: Shard ID None has connected to Gateway (Session ID: 078faddf4f43190222795afadb6f369f).
[2022-10-29 10:05:27] [ERROR   ] discord.ext.commands.bot: Ignoring exception in command PlayTune1
Traceback (most recent call last):
  File "C:\Users\kevin\AppData\Local\Programs\Python\Python310\lib\site-packages\discord\ext\commands\core.py", line 190, in wrapped
    ret = await coro(*args, **kwargs)
  File "D:\kevin\Git Repos\Unicron_Bot\Uni_Bot.py", line 96, in play_tune1
    voice_channel=user.voice.voice_channel  #Particularly, find the voice channel from which the user issued the command
AttributeError: 'VoiceState' object has no attribute 'voice_channel'

The above exception was the direct cause of the following exception:

Traceback (most recent call last):
  File "C:\Users\kevin\AppData\Local\Programs\Python\Python310\lib\site-packages\discord\ext\commands\bot.py", line 1347, in invoke
    await ctx.command.invoke(ctx)
  File "C:\Users\kevin\AppData\Local\Programs\Python\Python310\lib\site-packages\discord\ext\commands\core.py", line 986, in invoke
    await injected(*ctx.args, **ctx.kwargs)  # type: ignore
  File "C:\Users\kevin\AppData\Local\Programs\Python\Python310\lib\site-packages\discord\ext\commands\core.py", line 199, in wrapped
    raise CommandInvokeError(exc) from exc
discord.ext.commands.errors.CommandInvokeError: Command raised an exception: AttributeError: 'VoiceState' object has no attribute 'voice_channel'
[2022-10-29 10:08:15] [DEBUG   ] discord.client: on_ready has successfully been registered as an event
[2022-10-29 10:08:15] [DEBUG   ] discord.client: on_message has successfully been registered as an event
[2022-10-29 10:08:15] [INFO    ] discord.client: logging in using static token
[2022-10-29 10:08:15] [INFO    ] discord.gateway: Shard ID None has connected to Gateway (Session ID: b8bf72bfea0f59d5822264fc8f12d8b1).
[2022-10-29 10:08:24] [ERROR   ] discord.ext.commands.bot: Ignoring exception in command None
discord.ext.commands.errors.CommandNotFound: Command "join" is not found
[2022-10-29 10:08:35] [INFO    ] discord.voice_client: Connecting to voice...
[2022-10-29 10:08:35] [INFO    ] discord.voice_client: Starting voice handshake... (connection attempt 1)
[2022-10-29 10:08:35] [INFO    ] discord.voice_client: Voice handshake complete. Endpoint found newark435.discord.media
[2022-10-29 10:08:42] [INFO    ] discord.voice_client: The voice handshake is being terminated for Channel ID 649021537290027008 (Guild ID 649021537285832745)
[2022-10-29 10:08:42] [INFO    ] discord.voice_client: Disconnecting from voice normally, close code 1000.
[2022-10-29 10:09:15] [ERROR   ] discord.ext.commands.bot: Ignoring exception in command None
discord.ext.commands.errors.CommandNotFound: Command "join" is not found
[2022-10-29 10:09:25] [ERROR   ] discord.ext.commands.bot: Ignoring exception in command Join
Traceback (most recent call last):
  File "C:\Users\kevin\AppData\Local\Programs\Python\Python310\lib\site-packages\discord\ext\commands\core.py", line 190, in wrapped
    ret = await coro(*args, **kwargs)
  File "D:\kevin\Git Repos\Unicron_Bot\Uni_Bot.py", line 108, in join
    channel = ctx.author.voice.channel
AttributeError: 'NoneType' object has no attribute 'channel'

The above exception was the direct cause of the following exception:

Traceback (most recent call last):
  File "C:\Users\kevin\AppData\Local\Programs\Python\Python310\lib\site-packages\discord\ext\commands\bot.py", line 1347, in invoke
    await ctx.command.invoke(ctx)
  File "C:\Users\kevin\AppData\Local\Programs\Python\Python310\lib\site-packages\discord\ext\commands\core.py", line 986, in invoke
    await injected(*ctx.args, **ctx.kwargs)  # type: ignore
  File "C:\Users\kevin\AppData\Local\Programs\Python\Python310\lib\site-packages\discord\ext\commands\core.py", line 199, in wrapped
    raise CommandInvokeError(exc) from exc
discord.ext.commands.errors.CommandInvokeError: Command raised an exception: AttributeError: 'NoneType' object has no attribute 'channel'
[2022-10-29 10:11:15] [DEBUG   ] discord.client: on_ready has successfully been registered as an event
[2022-10-29 10:11:15] [DEBUG   ] discord.client: on_message has successfully been registered as an event
[2022-10-29 10:11:15] [INFO    ] discord.client: logging in using static token
[2022-10-29 10:11:15] [INFO    ] discord.gateway: Shard ID None has connected to Gateway (Session ID: c05274f89cbcb12973f76c1633840b07).
[2022-10-29 10:11:35] [DEBUG   ] discord.client: on_ready has successfully been registered as an event
[2022-10-29 10:11:35] [DEBUG   ] discord.client: on_message has successfully been registered as an event
[2022-10-29 10:11:35] [INFO    ] discord.client: logging in using static token
[2022-10-29 10:11:35] [INFO    ] discord.gateway: Shard ID None has connected to Gateway (Session ID: 2c2802b03fb0bd6c8bb236d1c94852d1).
[2022-10-29 10:11:40] [ERROR   ] discord.ext.commands.bot: Ignoring exception in command None
discord.ext.commands.errors.CommandNotFound: Command "join" is not found
[2022-10-29 10:12:01] [DEBUG   ] discord.client: on_ready has successfully been registered as an event
[2022-10-29 10:12:01] [DEBUG   ] discord.client: on_message has successfully been registered as an event
[2022-10-29 10:12:01] [INFO    ] discord.client: logging in using static token
[2022-10-29 10:12:02] [INFO    ] discord.gateway: Shard ID None has connected to Gateway (Session ID: 5e6ef0cf0986710cb55f8c41dbd508ce).
[2022-10-29 10:12:07] [ERROR   ] discord.ext.commands.bot: Ignoring exception in command None
discord.ext.commands.errors.CommandNotFound: Command "join" is not found
[2022-10-29 10:12:21] [INFO    ] discord.voice_client: Connecting to voice...
[2022-10-29 10:12:21] [INFO    ] discord.voice_client: Starting voice handshake... (connection attempt 1)
[2022-10-29 10:12:21] [INFO    ] discord.voice_client: Voice handshake complete. Endpoint found newark2112.discord.media
[2022-10-29 10:12:27] [INFO    ] discord.voice_client: The voice handshake is being terminated for Channel ID 649021537290027008 (Guild ID 649021537285832745)
[2022-10-29 10:12:27] [INFO    ] discord.voice_client: Disconnecting from voice normally, close code 1000.
[2022-10-29 10:17:32] [DEBUG   ] discord.client: on_ready has successfully been registered as an event
[2022-10-29 10:17:32] [DEBUG   ] discord.client: on_message has successfully been registered as an event
[2022-10-29 10:17:32] [INFO    ] discord.client: logging in using static token
[2022-10-29 10:17:32] [INFO    ] discord.gateway: Shard ID None has connected to Gateway (Session ID: e88cd773442da1baf22db9142801a392).
[2022-10-29 10:17:45] [ERROR   ] discord.ext.commands.bot: Ignoring exception in command PlayTune1
Traceback (most recent call last):
  File "C:\Users\kevin\AppData\Local\Programs\Python\Python310\lib\site-packages\discord\ext\commands\core.py", line 190, in wrapped
    ret = await coro(*args, **kwargs)
  File "D:\kevin\Git Repos\Unicron_Bot\Uni_Bot.py", line 98, in play_tune1
    voice_channel=user.voice.voice_channel  #Particularly, find the voice channel from which the user issued the command
AttributeError: 'VoiceState' object has no attribute 'voice_channel'

The above exception was the direct cause of the following exception:

Traceback (most recent call last):
  File "C:\Users\kevin\AppData\Local\Programs\Python\Python310\lib\site-packages\discord\ext\commands\bot.py", line 1347, in invoke
    await ctx.command.invoke(ctx)
  File "C:\Users\kevin\AppData\Local\Programs\Python\Python310\lib\site-packages\discord\ext\commands\core.py", line 986, in invoke
    await injected(*ctx.args, **ctx.kwargs)  # type: ignore
  File "C:\Users\kevin\AppData\Local\Programs\Python\Python310\lib\site-packages\discord\ext\commands\core.py", line 199, in wrapped
    raise CommandInvokeError(exc) from exc
discord.ext.commands.errors.CommandInvokeError: Command raised an exception: AttributeError: 'VoiceState' object has no attribute 'voice_channel'
[2022-10-29 10:20:02] [DEBUG   ] discord.client: on_ready has successfully been registered as an event
[2022-10-29 10:20:02] [DEBUG   ] discord.client: on_message has successfully been registered as an event
[2022-10-29 10:20:02] [INFO    ] discord.client: logging in using static token
[2022-10-29 10:20:02] [INFO    ] discord.gateway: Shard ID None has connected to Gateway (Session ID: 85d8c02ad3287675c64c6362662dcff7).
[2022-10-29 10:20:10] [INFO    ] discord.voice_client: Connecting to voice...
[2022-10-29 10:20:10] [INFO    ] discord.voice_client: Starting voice handshake... (connection attempt 1)
[2022-10-29 10:20:10] [INFO    ] discord.voice_client: Voice handshake complete. Endpoint found newark6452.discord.media
[2022-10-29 10:20:11] [ERROR   ] discord.ext.commands.bot: Ignoring exception in command PlayTune1
Traceback (most recent call last):
  File "C:\Users\kevin\AppData\Local\Programs\Python\Python310\lib\site-packages\discord\ext\commands\core.py", line 190, in wrapped
    ret = await coro(*args, **kwargs)
  File "D:\kevin\Git Repos\Unicron_Bot\Uni_Bot.py", line 106, in play_tune1
    player = vc.play(FFmpegPCMAudio("TestTune.mp3"), after=lambda: print('done'))
  File "C:\Users\kevin\AppData\Local\Programs\Python\Python310\lib\site-packages\discord\player.py", line 289, in __init__
    super().__init__(source, executable=executable, args=args, **subprocess_kwargs)
  File "C:\Users\kevin\AppData\Local\Programs\Python\Python310\lib\site-packages\discord\player.py", line 166, in __init__
    self._process = self._spawn_process(args, **kwargs)
  File "C:\Users\kevin\AppData\Local\Programs\Python\Python310\lib\site-packages\discord\player.py", line 183, in _spawn_process
    raise ClientException(executable + ' was not found.') from None
discord.errors.ClientException: ffmpeg was not found.

The above exception was the direct cause of the following exception:

Traceback (most recent call last):
  File "C:\Users\kevin\AppData\Local\Programs\Python\Python310\lib\site-packages\discord\ext\commands\bot.py", line 1347, in invoke
    await ctx.command.invoke(ctx)
  File "C:\Users\kevin\AppData\Local\Programs\Python\Python310\lib\site-packages\discord\ext\commands\core.py", line 986, in invoke
    await injected(*ctx.args, **ctx.kwargs)  # type: ignore
  File "C:\Users\kevin\AppData\Local\Programs\Python\Python310\lib\site-packages\discord\ext\commands\core.py", line 199, in wrapped
    raise CommandInvokeError(exc) from exc
discord.ext.commands.errors.CommandInvokeError: Command raised an exception: ClientException: ffmpeg was not found.
[2022-10-29 10:20:21] [INFO    ] discord.voice_client: The voice handshake is being terminated for Channel ID 649021537290027008 (Guild ID 649021537285832745)
[2022-10-29 10:20:21] [INFO    ] discord.voice_client: Disconnecting from voice normally, close code 1000.
[2022-10-29 10:25:13] [DEBUG   ] discord.client: on_ready has successfully been registered as an event
[2022-10-29 10:25:13] [DEBUG   ] discord.client: on_message has successfully been registered as an event
[2022-10-29 10:25:13] [INFO    ] discord.client: logging in using static token
[2022-10-29 10:25:13] [INFO    ] discord.gateway: Shard ID None has connected to Gateway (Session ID: a9af47d4a3bc5514adb149c0ae2034bd).
[2022-10-29 10:25:21] [INFO    ] discord.voice_client: Connecting to voice...
[2022-10-29 10:25:21] [INFO    ] discord.voice_client: Starting voice handshake... (connection attempt 1)
[2022-10-29 10:25:22] [INFO    ] discord.voice_client: Voice handshake complete. Endpoint found newark416.discord.media
[2022-10-29 10:25:22] [ERROR   ] discord.ext.commands.bot: Ignoring exception in command PlayTune1
Traceback (most recent call last):
  File "C:\Users\kevin\AppData\Local\Programs\Python\Python310\lib\site-packages\discord\ext\commands\core.py", line 190, in wrapped
    ret = await coro(*args, **kwargs)
  File "D:\kevin\Git Repos\Unicron_Bot\Uni_Bot.py", line 106, in play_tune1
    player = vc.play(FFmpegPCMAudio("TestTune.mp3"), after=lambda: print('done'))
  File "C:\Users\kevin\AppData\Local\Programs\Python\Python310\lib\site-packages\discord\player.py", line 289, in __init__
    super().__init__(source, executable=executable, args=args, **subprocess_kwargs)
  File "C:\Users\kevin\AppData\Local\Programs\Python\Python310\lib\site-packages\discord\player.py", line 166, in __init__
    self._process = self._spawn_process(args, **kwargs)
  File "C:\Users\kevin\AppData\Local\Programs\Python\Python310\lib\site-packages\discord\player.py", line 183, in _spawn_process
    raise ClientException(executable + ' was not found.') from None
discord.errors.ClientException: ffmpeg was not found.

The above exception was the direct cause of the following exception:

Traceback (most recent call last):
  File "C:\Users\kevin\AppData\Local\Programs\Python\Python310\lib\site-packages\discord\ext\commands\bot.py", line 1347, in invoke
    await ctx.command.invoke(ctx)
  File "C:\Users\kevin\AppData\Local\Programs\Python\Python310\lib\site-packages\discord\ext\commands\core.py", line 986, in invoke
    await injected(*ctx.args, **ctx.kwargs)  # type: ignore
  File "C:\Users\kevin\AppData\Local\Programs\Python\Python310\lib\site-packages\discord\ext\commands\core.py", line 199, in wrapped
    raise CommandInvokeError(exc) from exc
discord.ext.commands.errors.CommandInvokeError: Command raised an exception: ClientException: ffmpeg was not found.
[2022-10-29 10:25:38] [INFO    ] discord.voice_client: The voice handshake is being terminated for Channel ID 649021537290027008 (Guild ID 649021537285832745)
[2022-10-29 10:25:38] [INFO    ] discord.voice_client: Disconnecting from voice normally, close code 1000.
[2022-10-29 10:30:04] [DEBUG   ] discord.client: on_ready has successfully been registered as an event
[2022-10-29 10:30:04] [DEBUG   ] discord.client: on_message has successfully been registered as an event
[2022-10-29 10:30:04] [INFO    ] discord.client: logging in using static token
[2022-10-29 10:30:04] [INFO    ] discord.gateway: Shard ID None has connected to Gateway (Session ID: 1bb3de088707707250281d6390fd8f73).
[2022-10-29 10:30:10] [INFO    ] discord.voice_client: Connecting to voice...
[2022-10-29 10:30:10] [INFO    ] discord.voice_client: Starting voice handshake... (connection attempt 1)
[2022-10-29 10:30:10] [INFO    ] discord.voice_client: Voice handshake complete. Endpoint found newark416.discord.media
[2022-10-29 10:30:10] [ERROR   ] discord.ext.commands.bot: Ignoring exception in command PlayTune1
Traceback (most recent call last):
  File "C:\Users\kevin\AppData\Local\Programs\Python\Python310\lib\site-packages\discord\ext\commands\core.py", line 190, in wrapped
    ret = await coro(*args, **kwargs)
  File "D:\kevin\Git Repos\Unicron_Bot\Uni_Bot.py", line 106, in play_tune1
    player = vc.play(FFmpegPCMAudio("TestTune.mp3"), after=lambda: print('done'))
  File "C:\Users\kevin\AppData\Local\Programs\Python\Python310\lib\site-packages\discord\player.py", line 289, in __init__
    super().__init__(source, executable=executable, args=args, **subprocess_kwargs)
  File "C:\Users\kevin\AppData\Local\Programs\Python\Python310\lib\site-packages\discord\player.py", line 166, in __init__
    self._process = self._spawn_process(args, **kwargs)
  File "C:\Users\kevin\AppData\Local\Programs\Python\Python310\lib\site-packages\discord\player.py", line 183, in _spawn_process
    raise ClientException(executable + ' was not found.') from None
discord.errors.ClientException: ffmpeg was not found.

The above exception was the direct cause of the following exception:

Traceback (most recent call last):
  File "C:\Users\kevin\AppData\Local\Programs\Python\Python310\lib\site-packages\discord\ext\commands\bot.py", line 1347, in invoke
    await ctx.command.invoke(ctx)
  File "C:\Users\kevin\AppData\Local\Programs\Python\Python310\lib\site-packages\discord\ext\commands\core.py", line 986, in invoke
    await injected(*ctx.args, **ctx.kwargs)  # type: ignore
  File "C:\Users\kevin\AppData\Local\Programs\Python\Python310\lib\site-packages\discord\ext\commands\core.py", line 199, in wrapped
    raise CommandInvokeError(exc) from exc
discord.ext.commands.errors.CommandInvokeError: Command raised an exception: ClientException: ffmpeg was not found.
[2022-10-29 10:30:23] [INFO    ] discord.voice_client: The voice handshake is being terminated for Channel ID 649021537290027008 (Guild ID 649021537285832745)
[2022-10-29 10:30:23] [INFO    ] discord.voice_client: Disconnecting from voice normally, close code 1000.
[2022-10-29 10:35:01] [DEBUG   ] discord.client: on_ready has successfully been registered as an event
[2022-10-29 10:35:01] [DEBUG   ] discord.client: on_message has successfully been registered as an event
[2022-10-29 10:35:01] [INFO    ] discord.client: logging in using static token
[2022-10-29 10:35:02] [INFO    ] discord.gateway: Shard ID None has connected to Gateway (Session ID: 6e1fb7cb0c23e2bc31cc73b9ab647c81).
[2022-10-29 10:35:10] [INFO    ] discord.voice_client: Connecting to voice...
[2022-10-29 10:35:10] [INFO    ] discord.voice_client: Starting voice handshake... (connection attempt 1)
[2022-10-29 10:35:10] [INFO    ] discord.voice_client: Voice handshake complete. Endpoint found newark416.discord.media
[2022-10-29 10:35:10] [ERROR   ] discord.ext.commands.bot: Ignoring exception in command PlayTune1
Traceback (most recent call last):
  File "C:\Users\kevin\AppData\Local\Programs\Python\Python310\lib\site-packages\discord\ext\commands\core.py", line 190, in wrapped
    ret = await coro(*args, **kwargs)
  File "D:\kevin\Git Repos\Unicron_Bot\Uni_Bot.py", line 107, in play_tune1
    player = vc.play(FFmpegAudio(source="D:/kevin/Git Repos/Unicron_Bot/TestTune.mp3"), after=lambda: print('done'))
TypeError: FFmpegAudio.__init__() missing 1 required keyword-only argument: 'args'

The above exception was the direct cause of the following exception:

Traceback (most recent call last):
  File "C:\Users\kevin\AppData\Local\Programs\Python\Python310\lib\site-packages\discord\ext\commands\bot.py", line 1347, in invoke
    await ctx.command.invoke(ctx)
  File "C:\Users\kevin\AppData\Local\Programs\Python\Python310\lib\site-packages\discord\ext\commands\core.py", line 986, in invoke
    await injected(*ctx.args, **ctx.kwargs)  # type: ignore
  File "C:\Users\kevin\AppData\Local\Programs\Python\Python310\lib\site-packages\discord\ext\commands\core.py", line 199, in wrapped
    raise CommandInvokeError(exc) from exc
discord.ext.commands.errors.CommandInvokeError: Command raised an exception: TypeError: FFmpegAudio.__init__() missing 1 required keyword-only argument: 'args'
[2022-10-29 10:36:50] [INFO    ] discord.voice_client: The voice handshake is being terminated for Channel ID 649021537290027008 (Guild ID 649021537285832745)
[2022-10-29 10:36:53] [DEBUG   ] discord.client: on_ready has successfully been registered as an event
[2022-10-29 10:36:53] [DEBUG   ] discord.client: on_message has successfully been registered as an event
[2022-10-29 10:36:53] [INFO    ] discord.client: logging in using static token
[2022-10-29 10:36:54] [INFO    ] discord.gateway: Shard ID None has connected to Gateway (Session ID: 0dd87674947516a0450a0e085b198eca).
[2022-10-29 10:37:03] [INFO    ] discord.voice_client: Connecting to voice...
[2022-10-29 10:37:03] [INFO    ] discord.voice_client: Starting voice handshake... (connection attempt 1)
[2022-10-29 10:37:03] [INFO    ] discord.voice_client: Voice handshake complete. Endpoint found newark416.discord.media
[2022-10-29 10:37:03] [ERROR   ] discord.ext.commands.bot: Ignoring exception in command PlayTune1
Traceback (most recent call last):
  File "C:\Users\kevin\AppData\Local\Programs\Python\Python310\lib\site-packages\discord\ext\commands\core.py", line 190, in wrapped
    ret = await coro(*args, **kwargs)
  File "D:\kevin\Git Repos\Unicron_Bot\Uni_Bot.py", line 107, in play_tune1
    player = vc.play(FFmpegAudio(executable="D:/kevin/Git Repos/Unicron_Bot/ffmpeg-2022-10-27-git-00b03331a0-full_build/bin/ffmpeg.exe", source="D:/kevin/Git Repos/Unicron_Bot/TestTune.mp3"), after=lambda: print('done'))
TypeError: FFmpegAudio.__init__() missing 1 required keyword-only argument: 'args'

The above exception was the direct cause of the following exception:

Traceback (most recent call last):
  File "C:\Users\kevin\AppData\Local\Programs\Python\Python310\lib\site-packages\discord\ext\commands\bot.py", line 1347, in invoke
    await ctx.command.invoke(ctx)
  File "C:\Users\kevin\AppData\Local\Programs\Python\Python310\lib\site-packages\discord\ext\commands\core.py", line 986, in invoke
    await injected(*ctx.args, **ctx.kwargs)  # type: ignore
  File "C:\Users\kevin\AppData\Local\Programs\Python\Python310\lib\site-packages\discord\ext\commands\core.py", line 199, in wrapped
    raise CommandInvokeError(exc) from exc
discord.ext.commands.errors.CommandInvokeError: Command raised an exception: TypeError: FFmpegAudio.__init__() missing 1 required keyword-only argument: 'args'
[2022-10-29 10:38:46] [INFO    ] discord.voice_client: The voice handshake is being terminated for Channel ID 649021537290027008 (Guild ID 649021537285832745)
[2022-10-29 10:38:48] [DEBUG   ] discord.client: on_ready has successfully been registered as an event
[2022-10-29 10:38:48] [DEBUG   ] discord.client: on_message has successfully been registered as an event
[2022-10-29 10:38:48] [INFO    ] discord.client: logging in using static token
[2022-10-29 10:38:48] [INFO    ] discord.gateway: Shard ID None has connected to Gateway (Session ID: 93fa1c5289151227d892549113b0514b).
[2022-10-29 10:39:02] [INFO    ] discord.voice_client: Connecting to voice...
[2022-10-29 10:39:02] [INFO    ] discord.voice_client: Starting voice handshake... (connection attempt 1)
[2022-10-29 10:39:02] [INFO    ] discord.voice_client: Voice handshake complete. Endpoint found newark416.discord.media
[2022-10-29 10:39:02] [ERROR   ] discord.ext.commands.bot: Ignoring exception in command PlayTune1
Traceback (most recent call last):
  File "C:\Users\kevin\AppData\Local\Programs\Python\Python310\lib\site-packages\discord\ext\commands\core.py", line 190, in wrapped
    ret = await coro(*args, **kwargs)
  File "D:\kevin\Git Repos\Unicron_Bot\Uni_Bot.py", line 108, in play_tune1
    player.start()
AttributeError: 'NoneType' object has no attribute 'start'

The above exception was the direct cause of the following exception:

Traceback (most recent call last):
  File "C:\Users\kevin\AppData\Local\Programs\Python\Python310\lib\site-packages\discord\ext\commands\bot.py", line 1347, in invoke
    await ctx.command.invoke(ctx)
  File "C:\Users\kevin\AppData\Local\Programs\Python\Python310\lib\site-packages\discord\ext\commands\core.py", line 986, in invoke
    await injected(*ctx.args, **ctx.kwargs)  # type: ignore
  File "C:\Users\kevin\AppData\Local\Programs\Python\Python310\lib\site-packages\discord\ext\commands\core.py", line 199, in wrapped
    raise CommandInvokeError(exc) from exc
discord.ext.commands.errors.CommandInvokeError: Command raised an exception: AttributeError: 'NoneType' object has no attribute 'start'
[2022-10-29 10:39:41] [ERROR   ] discord.ext.commands.bot: Ignoring exception in command None
discord.ext.commands.errors.CommandNotFound: Command "leave" is not found
[2022-10-29 10:39:45] [INFO    ] discord.voice_client: The voice handshake is being terminated for Channel ID 649021537290027008 (Guild ID 649021537285832745)
[2022-10-29 10:39:45] [INFO    ] discord.voice_client: Disconnecting from voice normally, close code 1000.
[2022-10-29 10:39:45] [ERROR   ] discord.player: Calling the after function failed.
Traceback (most recent call last):
  File "C:\Users\kevin\AppData\Local\Programs\Python\Python310\lib\site-packages\discord\player.py", line 711, in _call_after
    self.after(error)
TypeError: play_tune1.<locals>.<lambda>() takes 0 positional arguments but 1 was given
[2022-10-29 10:39:45] [INFO    ] discord.player: ffmpeg process 21440 has not terminated. Waiting to terminate...
[2022-10-29 10:39:45] [INFO    ] discord.player: ffmpeg process 21440 should have terminated with a return code of 1.
[2022-10-29 10:40:00] [INFO    ] discord.voice_client: Connecting to voice...
[2022-10-29 10:40:00] [INFO    ] discord.voice_client: Starting voice handshake... (connection attempt 1)
[2022-10-29 10:40:00] [INFO    ] discord.voice_client: Voice handshake complete. Endpoint found newark416.discord.media
[2022-10-29 10:40:00] [ERROR   ] discord.ext.commands.bot: Ignoring exception in command PlayTune1
Traceback (most recent call last):
  File "C:\Users\kevin\AppData\Local\Programs\Python\Python310\lib\site-packages\discord\ext\commands\core.py", line 190, in wrapped
    ret = await coro(*args, **kwargs)
  File "D:\kevin\Git Repos\Unicron_Bot\Uni_Bot.py", line 108, in play_tune1
    await ctx.send("User is not in a voice channel.")
AttributeError: 'NoneType' object has no attribute 'start'

The above exception was the direct cause of the following exception:

Traceback (most recent call last):
  File "C:\Users\kevin\AppData\Local\Programs\Python\Python310\lib\site-packages\discord\ext\commands\bot.py", line 1347, in invoke
    await ctx.command.invoke(ctx)
  File "C:\Users\kevin\AppData\Local\Programs\Python\Python310\lib\site-packages\discord\ext\commands\core.py", line 986, in invoke
    await injected(*ctx.args, **ctx.kwargs)  # type: ignore
  File "C:\Users\kevin\AppData\Local\Programs\Python\Python310\lib\site-packages\discord\ext\commands\core.py", line 199, in wrapped
    raise CommandInvokeError(exc) from exc
discord.ext.commands.errors.CommandInvokeError: Command raised an exception: AttributeError: 'NoneType' object has no attribute 'start'
[2022-10-29 10:40:04] [INFO    ] discord.voice_client: The voice handshake is being terminated for Channel ID 649021537290027008 (Guild ID 649021537285832745)
[2022-10-29 10:40:04] [INFO    ] discord.voice_client: Disconnecting from voice normally, close code 1000.
[2022-10-29 10:40:04] [ERROR   ] discord.player: Calling the after function failed.
Traceback (most recent call last):
  File "C:\Users\kevin\AppData\Local\Programs\Python\Python310\lib\site-packages\discord\player.py", line 711, in _call_after
    self.after(error)
TypeError: play_tune1.<locals>.<lambda>() takes 0 positional arguments but 1 was given
[2022-10-29 10:40:04] [INFO    ] discord.player: ffmpeg process 26156 has not terminated. Waiting to terminate...
[2022-10-29 10:40:04] [INFO    ] discord.player: ffmpeg process 26156 should have terminated with a return code of 1.
[2022-10-29 10:40:08] [ERROR   ] discord.ext.commands.bot: Ignoring exception in command None
discord.ext.commands.errors.CommandNotFound: Command "PlayTune12" is not found
[2022-10-29 10:40:15] [INFO    ] discord.voice_client: Connecting to voice...
[2022-10-29 10:40:15] [INFO    ] discord.voice_client: Starting voice handshake... (connection attempt 1)
[2022-10-29 10:40:15] [INFO    ] discord.voice_client: Voice handshake complete. Endpoint found newark416.discord.media
[2022-10-29 10:40:15] [ERROR   ] discord.ext.commands.bot: Ignoring exception in command PlayTune1
Traceback (most recent call last):
  File "C:\Users\kevin\AppData\Local\Programs\Python\Python310\lib\site-packages\discord\ext\commands\core.py", line 190, in wrapped
    ret = await coro(*args, **kwargs)
  File "D:\kevin\Git Repos\Unicron_Bot\Uni_Bot.py", line 108, in play_tune1
    await ctx.send("User is not in a voice channel.")
AttributeError: 'NoneType' object has no attribute 'start'

The above exception was the direct cause of the following exception:

Traceback (most recent call last):
  File "C:\Users\kevin\AppData\Local\Programs\Python\Python310\lib\site-packages\discord\ext\commands\bot.py", line 1347, in invoke
    await ctx.command.invoke(ctx)
  File "C:\Users\kevin\AppData\Local\Programs\Python\Python310\lib\site-packages\discord\ext\commands\core.py", line 986, in invoke
    await injected(*ctx.args, **ctx.kwargs)  # type: ignore
  File "C:\Users\kevin\AppData\Local\Programs\Python\Python310\lib\site-packages\discord\ext\commands\core.py", line 199, in wrapped
    raise CommandInvokeError(exc) from exc
discord.ext.commands.errors.CommandInvokeError: Command raised an exception: AttributeError: 'NoneType' object has no attribute 'start'
[2022-10-29 10:40:19] [ERROR   ] discord.player: Calling the after function failed.
Traceback (most recent call last):
  File "C:\Users\kevin\AppData\Local\Programs\Python\Python310\lib\site-packages\discord\player.py", line 711, in _call_after
    self.after(error)
TypeError: play_tune1.<locals>.<lambda>() takes 0 positional arguments but 1 was given
[2022-10-29 10:40:19] [INFO    ] discord.voice_client: The voice handshake is being terminated for Channel ID 649021537290027008 (Guild ID 649021537285832745)
[2022-10-29 10:40:19] [INFO    ] discord.player: ffmpeg process 13892 has not terminated. Waiting to terminate...
[2022-10-29 10:40:19] [INFO    ] discord.voice_client: Disconnecting from voice normally, close code 1000.
[2022-10-29 10:40:19] [INFO    ] discord.player: ffmpeg process 13892 should have terminated with a return code of 1.
[2022-10-29 10:53:44] [DEBUG   ] discord.client: on_ready has successfully been registered as an event
[2022-10-29 10:53:44] [DEBUG   ] discord.client: on_message has successfully been registered as an event
[2022-10-29 10:53:44] [INFO    ] discord.client: logging in using static token
[2022-10-29 10:53:44] [INFO    ] discord.gateway: Shard ID None has connected to Gateway (Session ID: 26e5bf1b10bf74fd1794ddf29915f93e).
[2022-10-29 10:55:12] [ERROR   ] discord.ext.commands.bot: Ignoring exception in command None
discord.ext.commands.errors.CommandNotFound: Command "DownloaAudio" is not found
[2022-10-29 10:55:25] [ERROR   ] discord.ext.commands.bot: Ignoring exception in command DownloadAudio
Traceback (most recent call last):
  File "C:\Users\kevin\AppData\Local\Programs\Python\Python310\lib\site-packages\discord\ext\commands\core.py", line 190, in wrapped
    ret = await coro(*args, **kwargs)
  File "D:\kevin\Git Repos\Unicron_Bot\Uni_Bot.py", line 130, in dl
    yt = YouTube(str(url))
  File "C:\Users\kevin\AppData\Local\Programs\Python\Python310\lib\site-packages\pytube\__main__.py", line 91, in __init__
    self.prefetch()
  File "C:\Users\kevin\AppData\Local\Programs\Python\Python310\lib\site-packages\pytube\__main__.py", line 181, in prefetch
    self.vid_info_raw = request.get(self.vid_info_url)
  File "C:\Users\kevin\AppData\Local\Programs\Python\Python310\lib\site-packages\pytube\request.py", line 36, in get
    return _execute_request(url).read().decode("utf-8")
  File "C:\Users\kevin\AppData\Local\Programs\Python\Python310\lib\site-packages\pytube\request.py", line 24, in _execute_request
    return urlopen(request)  # nosec
  File "C:\Users\kevin\AppData\Local\Programs\Python\Python310\lib\urllib\request.py", line 216, in urlopen
    return opener.open(url, data, timeout)
  File "C:\Users\kevin\AppData\Local\Programs\Python\Python310\lib\urllib\request.py", line 525, in open
    response = meth(req, response)
  File "C:\Users\kevin\AppData\Local\Programs\Python\Python310\lib\urllib\request.py", line 634, in http_response
    response = self.parent.error(
  File "C:\Users\kevin\AppData\Local\Programs\Python\Python310\lib\urllib\request.py", line 557, in error
    result = self._call_chain(*args)
  File "C:\Users\kevin\AppData\Local\Programs\Python\Python310\lib\urllib\request.py", line 496, in _call_chain
    result = func(*args)
  File "C:\Users\kevin\AppData\Local\Programs\Python\Python310\lib\urllib\request.py", line 749, in http_error_302
    return self.parent.open(new, timeout=req.timeout)
  File "C:\Users\kevin\AppData\Local\Programs\Python\Python310\lib\urllib\request.py", line 525, in open
    response = meth(req, response)
  File "C:\Users\kevin\AppData\Local\Programs\Python\Python310\lib\urllib\request.py", line 634, in http_response
    response = self.parent.error(
  File "C:\Users\kevin\AppData\Local\Programs\Python\Python310\lib\urllib\request.py", line 563, in error
    return self._call_chain(*args)
  File "C:\Users\kevin\AppData\Local\Programs\Python\Python310\lib\urllib\request.py", line 496, in _call_chain
    result = func(*args)
  File "C:\Users\kevin\AppData\Local\Programs\Python\Python310\lib\urllib\request.py", line 643, in http_error_default
    raise HTTPError(req.full_url, code, msg, hdrs, fp)
urllib.error.HTTPError: HTTP Error 410: Gone

The above exception was the direct cause of the following exception:

Traceback (most recent call last):
  File "C:\Users\kevin\AppData\Local\Programs\Python\Python310\lib\site-packages\discord\ext\commands\bot.py", line 1347, in invoke
    await ctx.command.invoke(ctx)
  File "C:\Users\kevin\AppData\Local\Programs\Python\Python310\lib\site-packages\discord\ext\commands\core.py", line 986, in invoke
    await injected(*ctx.args, **ctx.kwargs)  # type: ignore
  File "C:\Users\kevin\AppData\Local\Programs\Python\Python310\lib\site-packages\discord\ext\commands\core.py", line 199, in wrapped
    raise CommandInvokeError(exc) from exc
discord.ext.commands.errors.CommandInvokeError: Command raised an exception: HTTPError: HTTP Error 410: Gone
[2022-10-29 11:21:54] [DEBUG   ] discord.client: on_ready has successfully been registered as an event
[2022-10-29 11:21:54] [DEBUG   ] discord.client: on_message has successfully been registered as an event
[2022-10-29 11:21:54] [INFO    ] discord.client: logging in using static token
[2022-10-29 11:21:55] [INFO    ] discord.gateway: Shard ID None has connected to Gateway (Session ID: 2f4ba5555079004399e4bc2ef5e74f94).
[2022-10-29 11:23:23] [INFO    ] discord.voice_client: Connecting to voice...
[2022-10-29 11:23:23] [INFO    ] discord.voice_client: Starting voice handshake... (connection attempt 1)
[2022-10-29 11:23:23] [INFO    ] discord.voice_client: Voice handshake complete. Endpoint found newark416.discord.media
[2022-10-29 11:23:23] [ERROR   ] discord.ext.commands.bot: Ignoring exception in command Play
Traceback (most recent call last):
  File "C:\Users\kevin\AppData\Local\Programs\Python\Python310\lib\site-packages\discord\ext\commands\core.py", line 190, in wrapped
    ret = await coro(*args, **kwargs)
  File "D:\kevin\Git Repos\Unicron_Bot\Uni_Bot.py", line 142, in PlayYT
    player.start()
AttributeError: 'NoneType' object has no attribute 'start'

The above exception was the direct cause of the following exception:

Traceback (most recent call last):
  File "C:\Users\kevin\AppData\Local\Programs\Python\Python310\lib\site-packages\discord\ext\commands\bot.py", line 1347, in invoke
    await ctx.command.invoke(ctx)
  File "C:\Users\kevin\AppData\Local\Programs\Python\Python310\lib\site-packages\discord\ext\commands\core.py", line 986, in invoke
    await injected(*ctx.args, **ctx.kwargs)  # type: ignore
  File "C:\Users\kevin\AppData\Local\Programs\Python\Python310\lib\site-packages\discord\ext\commands\core.py", line 199, in wrapped
    raise CommandInvokeError(exc) from exc
discord.ext.commands.errors.CommandInvokeError: Command raised an exception: AttributeError: 'NoneType' object has no attribute 'start'
[2022-10-29 11:23:24] [ERROR   ] discord.player: Calling the after function failed.
Traceback (most recent call last):
  File "C:\Users\kevin\AppData\Local\Programs\Python\Python310\lib\site-packages\discord\player.py", line 711, in _call_after
    self.after(error)
TypeError: PlayYT.<locals>.<lambda>() takes 0 positional arguments but 1 was given
[2022-10-29 11:23:24] [INFO    ] discord.player: ffmpeg process 15936 successfully terminated with return code of 1.
[2022-10-29 11:23:56] [INFO    ] discord.voice_client: The voice handshake is being terminated for Channel ID 649021537290027008 (Guild ID 649021537285832745)
[2022-10-29 11:23:56] [INFO    ] discord.voice_client: Disconnecting from voice normally, close code 1000.
[2022-10-29 11:25:30] [DEBUG   ] discord.client: on_ready has successfully been registered as an event
[2022-10-29 11:25:30] [DEBUG   ] discord.client: on_message has successfully been registered as an event
[2022-10-29 11:25:30] [INFO    ] discord.client: logging in using static token
[2022-10-29 11:25:31] [INFO    ] discord.gateway: Shard ID None has connected to Gateway (Session ID: d5965985c99e1824ecc0d640921fdb93).
[2022-10-29 11:27:02] [INFO    ] discord.voice_client: Connecting to voice...
[2022-10-29 11:27:02] [INFO    ] discord.voice_client: Starting voice handshake... (connection attempt 1)
[2022-10-29 11:27:02] [INFO    ] discord.voice_client: Voice handshake complete. Endpoint found newark416.discord.media
[2022-10-29 11:27:02] [ERROR   ] discord.ext.commands.bot: Ignoring exception in command Play
Traceback (most recent call last):
  File "C:\Users\kevin\AppData\Local\Programs\Python\Python310\lib\site-packages\discord\ext\commands\core.py", line 190, in wrapped
    ret = await coro(*args, **kwargs)
  File "D:\kevin\Git Repos\Unicron_Bot\Uni_Bot.py", line 142, in PlayYT
    player.start()
AttributeError: 'NoneType' object has no attribute 'start'

The above exception was the direct cause of the following exception:

Traceback (most recent call last):
  File "C:\Users\kevin\AppData\Local\Programs\Python\Python310\lib\site-packages\discord\ext\commands\bot.py", line 1347, in invoke
    await ctx.command.invoke(ctx)
  File "C:\Users\kevin\AppData\Local\Programs\Python\Python310\lib\site-packages\discord\ext\commands\core.py", line 986, in invoke
    await injected(*ctx.args, **ctx.kwargs)  # type: ignore
  File "C:\Users\kevin\AppData\Local\Programs\Python\Python310\lib\site-packages\discord\ext\commands\core.py", line 199, in wrapped
    raise CommandInvokeError(exc) from exc
discord.ext.commands.errors.CommandInvokeError: Command raised an exception: AttributeError: 'NoneType' object has no attribute 'start'
[2022-10-29 11:27:23] [INFO    ] discord.voice_client: The voice handshake is being terminated for Channel ID 649021537290027008 (Guild ID 649021537285832745)
[2022-10-29 11:27:23] [INFO    ] discord.voice_client: Disconnecting from voice normally, close code 1000.
[2022-10-29 11:27:23] [ERROR   ] discord.player: Calling the after function failed.
Traceback (most recent call last):
  File "C:\Users\kevin\AppData\Local\Programs\Python\Python310\lib\site-packages\discord\player.py", line 711, in _call_after
    self.after(error)
TypeError: PlayYT.<locals>.<lambda>() takes 0 positional arguments but 1 was given
[2022-10-29 11:27:23] [INFO    ] discord.player: ffmpeg process 7008 has not terminated. Waiting to terminate...
[2022-10-29 11:27:23] [INFO    ] discord.player: ffmpeg process 7008 should have terminated with a return code of 1.
[2022-10-29 11:30:29] [DEBUG   ] discord.client: on_ready has successfully been registered as an event
[2022-10-29 11:30:29] [DEBUG   ] discord.client: on_message has successfully been registered as an event
[2022-10-29 11:30:29] [INFO    ] discord.client: logging in using static token
[2022-10-29 11:30:29] [INFO    ] discord.gateway: Shard ID None has connected to Gateway (Session ID: 31e8bf0ccb49fb4b69bb2676b5ce599a).
[2022-10-29 11:30:46] [INFO    ] discord.voice_client: Connecting to voice...
[2022-10-29 11:30:46] [INFO    ] discord.voice_client: Starting voice handshake... (connection attempt 1)
[2022-10-29 11:30:47] [INFO    ] discord.voice_client: Voice handshake complete. Endpoint found newark416.discord.media
[2022-10-29 11:30:47] [ERROR   ] discord.ext.commands.bot: Ignoring exception in command Play
Traceback (most recent call last):
  File "C:\Users\kevin\AppData\Local\Programs\Python\Python310\lib\site-packages\discord\ext\commands\core.py", line 190, in wrapped
    ret = await coro(*args, **kwargs)
  File "D:\kevin\Git Repos\Unicron_Bot\Uni_Bot.py", line 145, in PlayYT
    player.start()
AttributeError: 'NoneType' object has no attribute 'start'

The above exception was the direct cause of the following exception:

Traceback (most recent call last):
  File "C:\Users\kevin\AppData\Local\Programs\Python\Python310\lib\site-packages\discord\ext\commands\bot.py", line 1347, in invoke
    await ctx.command.invoke(ctx)
  File "C:\Users\kevin\AppData\Local\Programs\Python\Python310\lib\site-packages\discord\ext\commands\core.py", line 986, in invoke
    await injected(*ctx.args, **ctx.kwargs)  # type: ignore
  File "C:\Users\kevin\AppData\Local\Programs\Python\Python310\lib\site-packages\discord\ext\commands\core.py", line 199, in wrapped
    raise CommandInvokeError(exc) from exc
discord.ext.commands.errors.CommandInvokeError: Command raised an exception: AttributeError: 'NoneType' object has no attribute 'start'
[2022-10-29 11:30:47] [ERROR   ] discord.player: Calling the after function failed.
Traceback (most recent call last):
  File "C:\Users\kevin\AppData\Local\Programs\Python\Python310\lib\site-packages\discord\player.py", line 711, in _call_after
    self.after(error)
TypeError: PlayYT.<locals>.<lambda>() takes 0 positional arguments but 1 was given
[2022-10-29 11:30:47] [INFO    ] discord.player: ffmpeg process 15200 successfully terminated with return code of 1.
[2022-10-29 11:31:34] [INFO    ] discord.voice_client: The voice handshake is being terminated for Channel ID 649021537290027008 (Guild ID 649021537285832745)
[2022-10-29 11:31:36] [DEBUG   ] discord.client: on_ready has successfully been registered as an event
[2022-10-29 11:31:36] [DEBUG   ] discord.client: on_message has successfully been registered as an event
[2022-10-29 11:31:36] [INFO    ] discord.client: logging in using static token
[2022-10-29 11:31:37] [INFO    ] discord.gateway: Shard ID None has connected to Gateway (Session ID: 648784825cf61f4f771c76fe5d61d6c4).
[2022-10-29 11:31:46] [ERROR   ] discord.ext.commands.bot: Ignoring exception in command Play
Traceback (most recent call last):
  File "C:\Users\kevin\AppData\Local\Programs\Python\Python310\lib\site-packages\discord\ext\commands\core.py", line 190, in wrapped
    ret = await coro(*args, **kwargs)
  File "D:\kevin\Git Repos\Unicron_Bot\Uni_Bot.py", line 135, in PlayYT
    file = download(url)
  File "D:\kevin\Git Repos\Unicron_Bot\VidDownloader.py", line 20, in download
    os.rename(out_file, new_file)
FileExistsError: [WinError 183] Cannot create a file when that file already exists: 'D:\\kevin\\Git Repos\\Unicron_Bot\\.\\WATCH ME SWOOCE RIGHT IN.mp4' -> 'MUSIC.mp3'

The above exception was the direct cause of the following exception:

Traceback (most recent call last):
  File "C:\Users\kevin\AppData\Local\Programs\Python\Python310\lib\site-packages\discord\ext\commands\bot.py", line 1347, in invoke
    await ctx.command.invoke(ctx)
  File "C:\Users\kevin\AppData\Local\Programs\Python\Python310\lib\site-packages\discord\ext\commands\core.py", line 986, in invoke
    await injected(*ctx.args, **ctx.kwargs)  # type: ignore
  File "C:\Users\kevin\AppData\Local\Programs\Python\Python310\lib\site-packages\discord\ext\commands\core.py", line 199, in wrapped
    raise CommandInvokeError(exc) from exc
discord.ext.commands.errors.CommandInvokeError: Command raised an exception: FileExistsError: [WinError 183] Cannot create a file when that file already exists: 'D:\\kevin\\Git Repos\\Unicron_Bot\\.\\WATCH ME SWOOCE RIGHT IN.mp4' -> 'MUSIC.mp3'
[2022-10-29 11:32:13] [INFO    ] discord.voice_client: Connecting to voice...
[2022-10-29 11:32:13] [INFO    ] discord.voice_client: Starting voice handshake... (connection attempt 1)
[2022-10-29 11:32:13] [INFO    ] discord.voice_client: Voice handshake complete. Endpoint found newark416.discord.media
[2022-10-29 11:32:14] [ERROR   ] discord.ext.commands.bot: Ignoring exception in command Play
Traceback (most recent call last):
  File "C:\Users\kevin\AppData\Local\Programs\Python\Python310\lib\site-packages\discord\ext\commands\core.py", line 190, in wrapped
    ret = await coro(*args, **kwargs)
  File "D:\kevin\Git Repos\Unicron_Bot\Uni_Bot.py", line 142, in PlayYT
    player.start()
AttributeError: 'NoneType' object has no attribute 'start'

The above exception was the direct cause of the following exception:

Traceback (most recent call last):
  File "C:\Users\kevin\AppData\Local\Programs\Python\Python310\lib\site-packages\discord\ext\commands\bot.py", line 1347, in invoke
    await ctx.command.invoke(ctx)
  File "C:\Users\kevin\AppData\Local\Programs\Python\Python310\lib\site-packages\discord\ext\commands\core.py", line 986, in invoke
    await injected(*ctx.args, **ctx.kwargs)  # type: ignore
  File "C:\Users\kevin\AppData\Local\Programs\Python\Python310\lib\site-packages\discord\ext\commands\core.py", line 199, in wrapped
    raise CommandInvokeError(exc) from exc
discord.ext.commands.errors.CommandInvokeError: Command raised an exception: AttributeError: 'NoneType' object has no attribute 'start'
[2022-10-29 11:32:18] [ERROR   ] discord.player: Calling the after function failed.
Traceback (most recent call last):
  File "C:\Users\kevin\AppData\Local\Programs\Python\Python310\lib\site-packages\discord\player.py", line 711, in _call_after
    self.after(error)
TypeError: PlayYT.<locals>.<lambda>() takes 0 positional arguments but 1 was given
[2022-10-29 11:32:18] [INFO    ] discord.player: ffmpeg process 23948 successfully terminated with return code of 0.
[2022-10-29 11:34:01] [INFO    ] discord.voice_client: The voice handshake is being terminated for Channel ID 649021537290027008 (Guild ID 649021537285832745)
[2022-10-29 11:34:02] [DEBUG   ] discord.client: on_ready has successfully been registered as an event
[2022-10-29 11:34:02] [DEBUG   ] discord.client: on_message has successfully been registered as an event
[2022-10-29 11:34:02] [INFO    ] discord.client: logging in using static token
[2022-10-29 11:34:03] [INFO    ] discord.gateway: Shard ID None has connected to Gateway (Session ID: 16111087c52f4b0a28661f79b5ab10f8).
[2022-10-29 11:34:14] [INFO    ] discord.voice_client: Connecting to voice...
[2022-10-29 11:34:14] [INFO    ] discord.voice_client: Starting voice handshake... (connection attempt 1)
[2022-10-29 11:34:14] [INFO    ] discord.voice_client: Voice handshake complete. Endpoint found newark416.discord.media
[2022-10-29 11:34:14] [ERROR   ] discord.ext.commands.bot: Ignoring exception in command Play
Traceback (most recent call last):
  File "C:\Users\kevin\AppData\Local\Programs\Python\Python310\lib\site-packages\discord\ext\commands\core.py", line 190, in wrapped
    ret = await coro(*args, **kwargs)
  File "D:\kevin\Git Repos\Unicron_Bot\Uni_Bot.py", line 142, in PlayYT
    player.start()
AttributeError: 'NoneType' object has no attribute 'start'

The above exception was the direct cause of the following exception:

Traceback (most recent call last):
  File "C:\Users\kevin\AppData\Local\Programs\Python\Python310\lib\site-packages\discord\ext\commands\bot.py", line 1347, in invoke
    await ctx.command.invoke(ctx)
  File "C:\Users\kevin\AppData\Local\Programs\Python\Python310\lib\site-packages\discord\ext\commands\core.py", line 986, in invoke
    await injected(*ctx.args, **ctx.kwargs)  # type: ignore
  File "C:\Users\kevin\AppData\Local\Programs\Python\Python310\lib\site-packages\discord\ext\commands\core.py", line 199, in wrapped
    raise CommandInvokeError(exc) from exc
discord.ext.commands.errors.CommandInvokeError: Command raised an exception: AttributeError: 'NoneType' object has no attribute 'start'
[2022-10-29 11:34:19] [ERROR   ] discord.player: Calling the after function failed.
Traceback (most recent call last):
  File "C:\Users\kevin\AppData\Local\Programs\Python\Python310\lib\site-packages\discord\player.py", line 711, in _call_after
    self.after(error)
TypeError: PlayYT.<locals>.<lambda>() takes 0 positional arguments but 1 was given
[2022-10-29 11:34:19] [INFO    ] discord.player: ffmpeg process 5136 successfully terminated with return code of 0.
[2022-10-29 11:35:09] [ERROR   ] discord.ext.commands.bot: Ignoring exception in command Play
Traceback (most recent call last):
  File "C:\Users\kevin\AppData\Local\Programs\Python\Python310\lib\site-packages\discord\ext\commands\core.py", line 190, in wrapped
    ret = await coro(*args, **kwargs)
  File "D:\kevin\Git Repos\Unicron_Bot\Uni_Bot.py", line 135, in PlayYT
    file = download(url)
  File "D:\kevin\Git Repos\Unicron_Bot\VidDownloader.py", line 20, in download
    os.rename(out_file, new_file)
FileExistsError: [WinError 183] Cannot create a file when that file already exists: 'D:\\kevin\\Git Repos\\Unicron_Bot\\.\\WATCH ME SWOOCE RIGHT IN.mp4' -> 'MUSIC.mp3'

The above exception was the direct cause of the following exception:

Traceback (most recent call last):
  File "C:\Users\kevin\AppData\Local\Programs\Python\Python310\lib\site-packages\discord\ext\commands\bot.py", line 1347, in invoke
    await ctx.command.invoke(ctx)
  File "C:\Users\kevin\AppData\Local\Programs\Python\Python310\lib\site-packages\discord\ext\commands\core.py", line 986, in invoke
    await injected(*ctx.args, **ctx.kwargs)  # type: ignore
  File "C:\Users\kevin\AppData\Local\Programs\Python\Python310\lib\site-packages\discord\ext\commands\core.py", line 199, in wrapped
    raise CommandInvokeError(exc) from exc
discord.ext.commands.errors.CommandInvokeError: Command raised an exception: FileExistsError: [WinError 183] Cannot create a file when that file already exists: 'D:\\kevin\\Git Repos\\Unicron_Bot\\.\\WATCH ME SWOOCE RIGHT IN.mp4' -> 'MUSIC.mp3'
[2022-10-29 11:35:26] [ERROR   ] discord.ext.commands.bot: Ignoring exception in command Play
Traceback (most recent call last):
  File "C:\Users\kevin\AppData\Local\Programs\Python\Python310\lib\site-packages\discord\ext\commands\core.py", line 190, in wrapped
    ret = await coro(*args, **kwargs)
  File "D:\kevin\Git Repos\Unicron_Bot\Uni_Bot.py", line 140, in PlayYT
    vc = await channel.connect()
  File "C:\Users\kevin\AppData\Local\Programs\Python\Python310\lib\site-packages\discord\abc.py", line 1868, in connect
    raise ClientException('Already connected to a voice channel.')
discord.errors.ClientException: Already connected to a voice channel.

The above exception was the direct cause of the following exception:

Traceback (most recent call last):
  File "C:\Users\kevin\AppData\Local\Programs\Python\Python310\lib\site-packages\discord\ext\commands\bot.py", line 1347, in invoke
    await ctx.command.invoke(ctx)
  File "C:\Users\kevin\AppData\Local\Programs\Python\Python310\lib\site-packages\discord\ext\commands\core.py", line 986, in invoke
    await injected(*ctx.args, **ctx.kwargs)  # type: ignore
  File "C:\Users\kevin\AppData\Local\Programs\Python\Python310\lib\site-packages\discord\ext\commands\core.py", line 199, in wrapped
    raise CommandInvokeError(exc) from exc
discord.ext.commands.errors.CommandInvokeError: Command raised an exception: ClientException: Already connected to a voice channel.
[2022-10-29 11:35:37] [INFO    ] discord.voice_client: The voice handshake is being terminated for Channel ID 649021537290027008 (Guild ID 649021537285832745)
[2022-10-29 11:35:37] [INFO    ] discord.voice_client: Disconnecting from voice normally, close code 1000.
[2022-10-29 11:35:43] [ERROR   ] discord.ext.commands.bot: Ignoring exception in command Play
Traceback (most recent call last):
  File "C:\Users\kevin\AppData\Local\Programs\Python\Python310\lib\site-packages\discord\ext\commands\core.py", line 190, in wrapped
    ret = await coro(*args, **kwargs)
  File "D:\kevin\Git Repos\Unicron_Bot\Uni_Bot.py", line 135, in PlayYT
    file = download(url)
  File "D:\kevin\Git Repos\Unicron_Bot\VidDownloader.py", line 20, in download
    os.rename(out_file, new_file)
FileExistsError: [WinError 183] Cannot create a file when that file already exists: 'D:\\kevin\\Git Repos\\Unicron_Bot\\.\\WATCH ME SWOOCE RIGHT IN.mp4' -> 'MUSIC.mp3'

The above exception was the direct cause of the following exception:

Traceback (most recent call last):
  File "C:\Users\kevin\AppData\Local\Programs\Python\Python310\lib\site-packages\discord\ext\commands\bot.py", line 1347, in invoke
    await ctx.command.invoke(ctx)
  File "C:\Users\kevin\AppData\Local\Programs\Python\Python310\lib\site-packages\discord\ext\commands\core.py", line 986, in invoke
    await injected(*ctx.args, **ctx.kwargs)  # type: ignore
  File "C:\Users\kevin\AppData\Local\Programs\Python\Python310\lib\site-packages\discord\ext\commands\core.py", line 199, in wrapped
    raise CommandInvokeError(exc) from exc
discord.ext.commands.errors.CommandInvokeError: Command raised an exception: FileExistsError: [WinError 183] Cannot create a file when that file already exists: 'D:\\kevin\\Git Repos\\Unicron_Bot\\.\\WATCH ME SWOOCE RIGHT IN.mp4' -> 'MUSIC.mp3'
[2022-10-29 11:35:58] [INFO    ] discord.voice_client: Connecting to voice...
[2022-10-29 11:35:58] [INFO    ] discord.voice_client: Starting voice handshake... (connection attempt 1)
[2022-10-29 11:35:58] [INFO    ] discord.voice_client: Voice handshake complete. Endpoint found newark416.discord.media
[2022-10-29 11:35:58] [ERROR   ] discord.ext.commands.bot: Ignoring exception in command Play
Traceback (most recent call last):
  File "C:\Users\kevin\AppData\Local\Programs\Python\Python310\lib\site-packages\discord\ext\commands\core.py", line 190, in wrapped
    ret = await coro(*args, **kwargs)
  File "D:\kevin\Git Repos\Unicron_Bot\Uni_Bot.py", line 142, in PlayYT
    player.start()
AttributeError: 'NoneType' object has no attribute 'start'

The above exception was the direct cause of the following exception:

Traceback (most recent call last):
  File "C:\Users\kevin\AppData\Local\Programs\Python\Python310\lib\site-packages\discord\ext\commands\bot.py", line 1347, in invoke
    await ctx.command.invoke(ctx)
  File "C:\Users\kevin\AppData\Local\Programs\Python\Python310\lib\site-packages\discord\ext\commands\core.py", line 986, in invoke
    await injected(*ctx.args, **ctx.kwargs)  # type: ignore
  File "C:\Users\kevin\AppData\Local\Programs\Python\Python310\lib\site-packages\discord\ext\commands\core.py", line 199, in wrapped
    raise CommandInvokeError(exc) from exc
discord.ext.commands.errors.CommandInvokeError: Command raised an exception: AttributeError: 'NoneType' object has no attribute 'start'
[2022-10-29 11:36:03] [ERROR   ] discord.player: Calling the after function failed.
Traceback (most recent call last):
  File "C:\Users\kevin\AppData\Local\Programs\Python\Python310\lib\site-packages\discord\player.py", line 711, in _call_after
    self.after(error)
TypeError: PlayYT.<locals>.<lambda>() takes 0 positional arguments but 1 was given
[2022-10-29 11:36:03] [INFO    ] discord.player: ffmpeg process 22248 successfully terminated with return code of 0.
[2022-10-29 11:38:14] [INFO    ] discord.voice_client: The voice handshake is being terminated for Channel ID 649021537290027008 (Guild ID 649021537285832745)
[2022-10-29 11:38:14] [INFO    ] discord.voice_client: Disconnecting from voice normally, close code 1000.
